#
# There is insufficient memory for the Java Runtime Environment to continue.
# Native memory allocation (malloc) failed to allocate 1319568 bytes. Error detail: Chunk::new
# Possible reasons:
#   The system is out of physical RAM or swap space
#   This process is running with CompressedOops enabled, and the Java Heap may be blocking the growth of the native heap
# Possible solutions:
#   Reduce memory load on the system
#   Increase physical memory or swap space
#   Check if swap backing store is full
#   Decrease Java heap size (-Xmx/-Xms)
#   Decrease number of Java threads
#   Decrease Java thread stack sizes (-Xss)
#   Set larger code cache with -XX:ReservedCodeCacheSize=
#   JVM is running with Unscaled Compressed Oops mode in which the Java heap is
#     placed in the first 4GB address space. The Java Heap base address is the
#     maximum limit for the native heap growth. Please use -XX:HeapBaseMinAddress
#     to set the Java Heap base and to place the Java Heap above 4GB virtual address.
# This output file may be truncated or incomplete.
#
#  Out of Memory Error (arena.cpp:162), pid=14292, tid=1752
#
# JRE version: OpenJDK Runtime Environment (24.0.1+9) (build 24.0.1+9-30)
# Java VM: OpenJDK 64-Bit Server VM (24.0.1+9-30, mixed mode, sharing, tiered, compressed oops, compressed class ptrs, g1 gc, windows-amd64)
# No core dump will be written. Minidumps are not enabled by default on client versions of Windows
#

---------------  S U M M A R Y ------------

Command Line: --add-opens=java.base/java.lang=ALL-UNNAMED --add-opens=java.base/java.lang.invoke=ALL-UNNAMED --add-opens=java.base/java.util=ALL-UNNAMED --add-opens=java.prefs/java.util.prefs=ALL-UNNAMED --add-exports=jdk.compiler/com.sun.tools.javac.api=ALL-UNNAMED --add-exports=jdk.compiler/com.sun.tools.javac.util=ALL-UNNAMED --add-opens=java.base/java.util=ALL-UNNAMED --add-opens=java.prefs/java.util.prefs=ALL-UNNAMED --add-opens=java.base/java.nio.charset=ALL-UNNAMED --add-opens=java.base/java.net=ALL-UNNAMED --add-opens=java.base/java.util.concurrent.atomic=ALL-UNNAMED --add-opens=java.xml/javax.xml.namespace=ALL-UNNAMED --enable-native-access=ALL-UNNAMED -XX:MaxMetaspaceSize=384m -XX:+HeapDumpOnOutOfMemoryError -Xms256m -Xmx512m -Dfile.encoding=UTF-8 -Duser.country=BR -Duser.language=pt -Duser.variant -javaagent:C:\Users\DELL 5458\.gradle\wrapper\dists\gradle-8.14.3-bin\cv11ve7ro1n3o1j4so8xd9n66\gradle-8.14.3\lib\agents\gradle-instrumentation-agent-8.14.3.jar org.gradle.launcher.daemon.bootstrap.GradleDaemon 8.14.3

Host: Intel(R) Core(TM) i3-5005U CPU @ 2.00GHz, 4 cores, 7G,  Windows 10 , 64 bit Build 19041 (10.0.19041.5915)
Time: Wed Sep 24 09:26:56 2025 Hora oficial do Brasil elapsed time: 63.610821 seconds (0d 0h 1m 3s)

---------------  T H R E A D  ---------------

Current thread (0x000001eca4278740):  JavaThread "C2 CompilerThread0" daemon [_thread_in_native, id=1752, stack(0x000000c7a1c00000,0x000000c7a1d00000) (1024K)]


Current CompileTask:
C2:63611 8415       4       java.lang.invoke.MemberName::ensureTypeVisible (180 bytes)

Stack: [0x000000c7a1c00000,0x000000c7a1d00000]
Native frames: (J=compiled Java code, j=interpreted, Vv=VM code, C=native code)
V  [jvm.dll+0x730739]  (no source info available)
V  [jvm.dll+0x8d9b23]  (no source info available)
V  [jvm.dll+0x8dc00d]  (no source info available)
V  [jvm.dll+0x8dc683]  (no source info available)
V  [jvm.dll+0x2aa086]  (no source info available)
V  [jvm.dll+0xcedef]  (no source info available)
V  [jvm.dll+0xcf04f]  (no source info available)
V  [jvm.dll+0x154d83]  (no source info available)
V  [jvm.dll+0x735f5f]  (no source info available)
V  [jvm.dll+0x26fa1c]  (no source info available)
V  [jvm.dll+0x26ea3f]  (no source info available)
V  [jvm.dll+0x1e9d60]  (no source info available)
V  [jvm.dll+0x27e1fb]  (no source info available)
V  [jvm.dll+0x27c49a]  (no source info available)
V  [jvm.dll+0x42f456]  (no source info available)
V  [jvm.dll+0x87d76b]  (no source info available)
V  [jvm.dll+0x72ee55]  (no source info available)
C  [ucrtbase.dll+0x21bb2]  (no source info available)
C  [KERNEL32.DLL+0x17374]  (no source info available)
C  [ntdll.dll+0x4cc91]  (no source info available)

Lock stack of current Java thread (top to bottom):


---------------  P R O C E S S  ---------------

Threads class SMR info:
_java_thread_list=0x000001ecc1c30950, length=52, elements={
0x000001ec899b8960, 0x000001eca4262850, 0x000001eca4263840, 0x000001eca4267490,
0x000001eca4268240, 0x000001eca4268d70, 0x000001eca426d8c0, 0x000001eca4278740,
0x000001eca427e790, 0x000001eca443be30, 0x000001eca44f9e20, 0x000001eca4a1b7f0,
0x000001ecbef1b170, 0x000001eca4570250, 0x000001eca4656510, 0x000001eca4644980,
0x000001ecbe536600, 0x000001ecbe536d50, 0x000001ecbe533a20, 0x000001ecbe535010,
0x000001ecbe535eb0, 0x000001ecbe534170, 0x000001ecbe5348c0, 0x000001ecbe535760,
0x000001ecbf6982b0, 0x000001ecbf694830, 0x000001ecbf694f80, 0x000001ecbf69b5e0,
0x000001ecbf69a740, 0x000001ecbf698a00, 0x000001ecbf695e20, 0x000001ecbf697410,
0x000001ecbf69ae90, 0x000001ecbf697b60, 0x000001ecbf699150, 0x000001ecbf6998a0,
0x000001ecbf696570, 0x000001ecbf699ff0, 0x000001ecbf696cc0, 0x000001ecc09883b0,
0x000001ecc0987c60, 0x000001ecc098a840, 0x000001ecc0989250, 0x000001ecc09899a0,
0x000001ecc098a0f0, 0x000001ecc0988b00, 0x000001ecc098af90, 0x000001ecbf4c1110,
0x000001ecbf4bec80, 0x000001ecbf4c2e50, 0x000001ecbf4be530, 0x000001ecbf4bfb20
}

Java Threads: ( => current thread )
  0x000001ec899b8960 JavaThread "main"                              [_thread_blocked, id=15488, stack(0x000000c7a0e00000,0x000000c7a0f00000) (1024K)]
  0x000001eca4262850 JavaThread "Reference Handler"          daemon [_thread_blocked, id=15236, stack(0x000000c7a1600000,0x000000c7a1700000) (1024K)]
  0x000001eca4263840 JavaThread "Finalizer"                  daemon [_thread_blocked, id=7772, stack(0x000000c7a1700000,0x000000c7a1800000) (1024K)]
  0x000001eca4267490 JavaThread "Signal Dispatcher"          daemon [_thread_blocked, id=15844, stack(0x000000c7a1800000,0x000000c7a1900000) (1024K)]
  0x000001eca4268240 JavaThread "Attach Listener"            daemon [_thread_blocked, id=12556, stack(0x000000c7a1900000,0x000000c7a1a00000) (1024K)]
  0x000001eca4268d70 JavaThread "Service Thread"             daemon [_thread_blocked, id=10072, stack(0x000000c7a1a00000,0x000000c7a1b00000) (1024K)]
  0x000001eca426d8c0 JavaThread "Monitor Deflation Thread"   daemon [_thread_blocked, id=3472, stack(0x000000c7a1b00000,0x000000c7a1c00000) (1024K)]
=>0x000001eca4278740 JavaThread "C2 CompilerThread0"         daemon [_thread_in_native, id=1752, stack(0x000000c7a1c00000,0x000000c7a1d00000) (1024K)]
  0x000001eca427e790 JavaThread "C1 CompilerThread0"         daemon [_thread_blocked, id=14576, stack(0x000000c7a1d00000,0x000000c7a1e00000) (1024K)]
  0x000001eca443be30 JavaThread "Common-Cleaner"             daemon [_thread_blocked, id=15672, stack(0x000000c7a1e00000,0x000000c7a1f00000) (1024K)]
  0x000001eca44f9e20 JavaThread "Notification Thread"        daemon [_thread_blocked, id=13440, stack(0x000000c7a1f00000,0x000000c7a2000000) (1024K)]
  0x000001eca4a1b7f0 JavaThread "Daemon health stats"               [_thread_blocked, id=17644, stack(0x000000c7a2300000,0x000000c7a2400000) (1024K)]
  0x000001ecbef1b170 JavaThread "Incoming local TCP Connector on port 62546"        [_thread_in_native, id=12756, stack(0x000000c7a2400000,0x000000c7a2500000) (1024K)]
  0x000001eca4570250 JavaThread "Daemon periodic checks"            [_thread_blocked, id=8320, stack(0x000000c7a2500000,0x000000c7a2600000) (1024K)]
  0x000001eca4656510 JavaThread "Daemon"                            [_thread_blocked, id=17632, stack(0x000000c7a2600000,0x000000c7a2700000) (1024K)]
  0x000001eca4644980 JavaThread "Handler for socket connection from /127.0.0.1:62546 to /127.0.0.1:62547"        [_thread_in_native, id=4168, stack(0x000000c7a2700000,0x000000c7a2800000) (1024K)]
  0x000001ecbe536600 JavaThread "Cancel handler"                    [_thread_blocked, id=13772, stack(0x000000c7a2800000,0x000000c7a2900000) (1024K)]
  0x000001ecbe536d50 JavaThread "Daemon worker"                     [_thread_blocked, id=256, stack(0x000000c7a2900000,0x000000c7a2a00000) (1024K)]
  0x000001ecbe533a20 JavaThread "Asynchronous log dispatcher for DefaultDaemonConnection: socket connection from /127.0.0.1:62546 to /127.0.0.1:62547"        [_thread_blocked, id=15524, stack(0x000000c7a2a00000,0x000000c7a2b00000) (1024K)]
  0x000001ecbe535010 JavaThread "Stdin handler"                     [_thread_blocked, id=10616, stack(0x000000c7a2b00000,0x000000c7a2c00000) (1024K)]
  0x000001ecbe535eb0 JavaThread "Daemon client event forwarder"        [_thread_blocked, id=17232, stack(0x000000c7a2c00000,0x000000c7a2d00000) (1024K)]
  0x000001ecbe534170 JavaThread "Cache worker for journal cache (C:\Users\DELL 5458\.gradle\caches\journal-1)"        [_thread_blocked, id=18352, stack(0x000000c7a2d00000,0x000000c7a2e00000) (1024K)]
  0x000001ecbe5348c0 JavaThread "File lock request listener"        [_thread_in_native, id=5988, stack(0x000000c7a2e00000,0x000000c7a2f00000) (1024K)]
  0x000001ecbe535760 JavaThread "Cache worker for file hash cache (C:\Users\DELL 5458\.gradle\caches\8.14.3\fileHashes)"        [_thread_blocked, id=816, stack(0x000000c7a2f00000,0x000000c7a3000000) (1024K)]
  0x000001ecbf6982b0 JavaThread "Cache worker for file hash cache (C:\Users\DELL 5458\Documents\Java projects\todo\.gradle\8.14.3\fileHashes)"        [_thread_blocked, id=16804, stack(0x000000c7a3000000,0x000000c7a3100000) (1024K)]
  0x000001ecbf694830 JavaThread "Cache worker for Build Output Cleanup Cache (C:\Users\DELL 5458\Documents\Java projects\todo\.gradle\buildOutputCleanup)"        [_thread_blocked, id=5644, stack(0x000000c7a3100000,0x000000c7a3200000) (1024K)]
  0x000001ecbf694f80 JavaThread "File watcher server"        daemon [_thread_in_native, id=3144, stack(0x000000c7a3200000,0x000000c7a3300000) (1024K)]
  0x000001ecbf69b5e0 JavaThread "File watcher consumer"      daemon [_thread_blocked, id=6792, stack(0x000000c7a3300000,0x000000c7a3400000) (1024K)]
  0x000001ecbf69a740 JavaThread "jar transforms"                    [_thread_blocked, id=8188, stack(0x000000c7a3400000,0x000000c7a3500000) (1024K)]
  0x000001ecbf698a00 JavaThread "jar transforms Thread 2"           [_thread_blocked, id=3552, stack(0x000000c7a3500000,0x000000c7a3600000) (1024K)]
  0x000001ecbf695e20 JavaThread "jar transforms Thread 3"           [_thread_blocked, id=15000, stack(0x000000c7a3600000,0x000000c7a3700000) (1024K)]
  0x000001ecbf697410 JavaThread "jar transforms Thread 4"           [_thread_blocked, id=760, stack(0x000000c7a3700000,0x000000c7a3800000) (1024K)]
  0x000001ecbf69ae90 JavaThread "Cache worker for checksums cache (C:\Users\DELL 5458\Documents\Java projects\todo\.gradle\8.14.3\checksums)"        [_thread_blocked, id=17736, stack(0x000000c7a3800000,0x000000c7a3900000) (1024K)]
  0x000001ecbf697b60 JavaThread "Cache worker for file content cache (C:\Users\DELL 5458\.gradle\caches\8.14.3\fileContent)"        [_thread_blocked, id=14848, stack(0x000000c7a3900000,0x000000c7a3a00000) (1024K)]
  0x000001ecbf699150 JavaThread "Cache worker for cache directory md-supplier (C:\Users\DELL 5458\.gradle\caches\8.14.3\md-supplier)"        [_thread_blocked, id=5524, stack(0x000000c7a3a00000,0x000000c7a3b00000) (1024K)]
  0x000001ecbf6998a0 JavaThread "Cache worker for cache directory md-rule (C:\Users\DELL 5458\.gradle\caches\8.14.3\md-rule)"        [_thread_blocked, id=17780, stack(0x000000c7a3b00000,0x000000c7a3c00000) (1024K)]
  0x000001ecbf696570 JavaThread "Unconstrained build operations"        [_thread_blocked, id=8856, stack(0x000000c7a3c00000,0x000000c7a3d00000) (1024K)]
  0x000001ecbf699ff0 JavaThread "Unconstrained build operations Thread 2"        [_thread_blocked, id=1320, stack(0x000000c7a3d00000,0x000000c7a3e00000) (1024K)]
  0x000001ecbf696cc0 JavaThread "Unconstrained build operations Thread 3"        [_thread_blocked, id=10896, stack(0x000000c7a3e00000,0x000000c7a3f00000) (1024K)]
  0x000001ecc09883b0 JavaThread "Unconstrained build operations Thread 4"        [_thread_blocked, id=16324, stack(0x000000c7a3f00000,0x000000c7a4000000) (1024K)]
  0x000001ecc0987c60 JavaThread "Unconstrained build operations Thread 5"        [_thread_blocked, id=12640, stack(0x000000c7a4000000,0x000000c7a4100000) (1024K)]
  0x000001ecc098a840 JavaThread "Unconstrained build operations Thread 6"        [_thread_blocked, id=1088, stack(0x000000c7a4100000,0x000000c7a4200000) (1024K)]
  0x000001ecc0989250 JavaThread "Unconstrained build operations Thread 7"        [_thread_blocked, id=11740, stack(0x000000c7a4300000,0x000000c7a4400000) (1024K)]
  0x000001ecc09899a0 JavaThread "Unconstrained build operations Thread 8"        [_thread_blocked, id=17020, stack(0x000000c7a4400000,0x000000c7a4500000) (1024K)]
  0x000001ecc098a0f0 JavaThread "Unconstrained build operations Thread 9"        [_thread_blocked, id=15676, stack(0x000000c7a4500000,0x000000c7a4600000) (1024K)]
  0x000001ecc0988b00 JavaThread "Unconstrained build operations Thread 10"        [_thread_blocked, id=16152, stack(0x000000c7a4600000,0x000000c7a4700000) (1024K)]
  0x000001ecc098af90 JavaThread "Unconstrained build operations Thread 11"        [_thread_blocked, id=12780, stack(0x000000c7a4700000,0x000000c7a4800000) (1024K)]
  0x000001ecbf4c1110 JavaThread "Unconstrained build operations Thread 12"        [_thread_blocked, id=14000, stack(0x000000c7a4800000,0x000000c7a4900000) (1024K)]
  0x000001ecbf4bec80 JavaThread "Unconstrained build operations Thread 13"        [_thread_blocked, id=6568, stack(0x000000c7a4900000,0x000000c7a4a00000) (1024K)]
  0x000001ecbf4c2e50 JavaThread "Unconstrained build operations Thread 14"        [_thread_blocked, id=7040, stack(0x000000c7a4a00000,0x000000c7a4b00000) (1024K)]
  0x000001ecbf4be530 JavaThread "Unconstrained build operations Thread 15"        [_thread_blocked, id=2532, stack(0x000000c7a4b00000,0x000000c7a4c00000) (1024K)]
  0x000001ecbf4bfb20 JavaThread "Memory manager"                    [_thread_blocked, id=17172, stack(0x000000c7a4c00000,0x000000c7a4d00000) (1024K)]
Total: 52

Other Threads:
  0x000001eca42525d0 VMThread "VM Thread"                           [id=7624, stack(0x000000c7a1500000,0x000000c7a1600000) (1024K)]
  0x000001eca4245280 WatcherThread "VM Periodic Task Thread"        [id=12264, stack(0x000000c7a1400000,0x000000c7a1500000) (1024K)]
  0x000001ec899e31b0 WorkerThread "GC Thread#0"                     [id=13664, stack(0x000000c7a0f00000,0x000000c7a1000000) (1024K)]
  0x000001ecbe0ed930 WorkerThread "GC Thread#1"                     [id=17872, stack(0x000000c7a2000000,0x000000c7a2100000) (1024K)]
  0x000001eca4d53be0 WorkerThread "GC Thread#2"                     [id=6064, stack(0x000000c7a2100000,0x000000c7a2200000) (1024K)]
  0x000001eca4d53f90 WorkerThread "GC Thread#3"                     [id=14052, stack(0x000000c7a2200000,0x000000c7a2300000) (1024K)]
  0x000001ec899e40d0 ConcurrentGCThread "G1 Main Marker"            [id=14872, stack(0x000000c7a1000000,0x000000c7a1100000) (1024K)]
  0x000001ec899e4c70 WorkerThread "G1 Conc#0"                       [id=5568, stack(0x000000c7a1100000,0x000000c7a1200000) (1024K)]
  0x000001eca411c560 ConcurrentGCThread "G1 Refine#0"               [id=16920, stack(0x000000c7a1200000,0x000000c7a1300000) (1024K)]
  0x000001eca411df00 ConcurrentGCThread "G1 Service"                [id=3908, stack(0x000000c7a1300000,0x000000c7a1400000) (1024K)]
Total: 10

Threads with active compile tasks:
C2 CompilerThread0  64384 8415       4       java.lang.invoke.MemberName::ensureTypeVisible (180 bytes)
Total: 1

VM state: at safepoint (normal execution)

VM Mutex/Monitor currently owned by a thread:  ([mutex/lock_event])
[0x00007ffcb63544b0] Threads_lock - owner thread: 0x000001eca42525d0
[0x00007ffcb63545b0] Heap_lock - owner thread: 0x000001ecbe536d50

Heap address: 0x00000000e0000000, size: 512 MB, Compressed Oops mode: 32-bit

CDS archive(s) mapped at: [0x000001eca5000000-0x000001eca5d40000-0x000001eca5d40000), size 13893632, SharedBaseAddress: 0x000001eca5000000, ArchiveRelocationMode: 1.
Compressed class space mapped at: 0x000001eca6000000-0x000001ecba000000, reserved size: 335544320
UseCompressedClassPointers 1, UseCompactObjectHeaders 0
Narrow klass pointer bits 32, Max shift 3
Narrow klass base: 0x000001eca5000000, Narrow klass shift: 0
Encoding Range: [0x000001eca5000000 - 0x000001eda5000000), (4294967296 bytes)
Klass Range:    [0x000001eca5000000 - 0x000001ecba000000), (352321536 bytes)
Klass ID Range:  [8 - 352321529) (352321521)

GC Precious Log:
 CardTable entry size: 512
 Card Set container configuration: InlinePtr #cards 5 size 8 Array Of Cards #cards 10 size 36 Howl #buckets 4 coarsen threshold 1843 Howl Bitmap #cards 512 size 80 coarsen threshold 460 Card regions per heap region 1 cards per card region 2048
 CPUs: 4 total, 4 available
 Memory: 7598M
 Large Page Support: Disabled
 NUMA Support: Disabled
 Compressed Oops: Enabled (32-bit)
 Heap Region Size: 1M
 Heap Min Capacity: 256M
 Heap Initial Capacity: 256M
 Heap Max Capacity: 512M
 Pre-touch: Disabled
 Parallel Workers: 4
 Concurrent Workers: 1
 Concurrent Refinement Workers: 4
 Periodic GC: Disabled

Heap:
 garbage-first heap   total reserved 524288K, committed 262144K, used 228464K [0x00000000e0000000, 0x0000000100000000)
  region size 1024K, 138 young (141312K), 10 survivors (10240K)
 Metaspace       used 73197K, committed 75264K, reserved 458752K
  class space    used 7705K, committed 8704K, reserved 327680K

Heap Regions: E=young(eden), S=young(survivor), O=old, HS=humongous(starts), HC=humongous(continues), CS=collection set, F=free, TAMS=top-at-mark-start, PB=parsable bottom
|   0|0x00000000e0000000, 0x00000000e0100000, 0x00000000e0100000|100%| O|  |TAMS 0x00000000e0000000| PB 0x00000000e0000000| Untracked |  0
|   1|0x00000000e0100000, 0x00000000e0200000, 0x00000000e0200000|100%|HS|  |TAMS 0x00000000e0100000| PB 0x00000000e0100000| Complete |  0
|   2|0x00000000e0200000, 0x00000000e0300000, 0x00000000e0300000|100%|HC|  |TAMS 0x00000000e0200000| PB 0x00000000e0200000| Complete |  0
|   3|0x00000000e0300000, 0x00000000e0400000, 0x00000000e0400000|100%|HC|  |TAMS 0x00000000e0300000| PB 0x00000000e0300000| Complete |  0
|   4|0x00000000e0400000, 0x00000000e0500000, 0x00000000e0500000|100%|HS|  |TAMS 0x00000000e0400000| PB 0x00000000e0400000| Complete |  0
|   5|0x00000000e0500000, 0x00000000e0600000, 0x00000000e0600000|100%| O|Cm|TAMS 0x00000000e0500000| PB 0x00000000e0500000| Complete |  0
|   6|0x00000000e0600000, 0x00000000e0700000, 0x00000000e0700000|100%| O|  |TAMS 0x00000000e0600000| PB 0x00000000e0600000| Untracked |  0
|   7|0x00000000e0700000, 0x00000000e0800000, 0x00000000e0800000|100%| O|  |TAMS 0x00000000e0700000| PB 0x00000000e0700000| Untracked |  0
|   8|0x00000000e0800000, 0x00000000e0900000, 0x00000000e0900000|100%| O|  |TAMS 0x00000000e0800000| PB 0x00000000e0800000| Untracked |  0
|   9|0x00000000e0900000, 0x00000000e0a00000, 0x00000000e0a00000|100%| O|  |TAMS 0x00000000e0900000| PB 0x00000000e0900000| Untracked |  0
|  10|0x00000000e0a00000, 0x00000000e0b00000, 0x00000000e0b00000|100%| O|  |TAMS 0x00000000e0a00000| PB 0x00000000e0a00000| Untracked |  0
|  11|0x00000000e0b00000, 0x00000000e0c00000, 0x00000000e0c00000|100%| O|  |TAMS 0x00000000e0b00000| PB 0x00000000e0b00000| Untracked |  0
|  12|0x00000000e0c00000, 0x00000000e0d00000, 0x00000000e0d00000|100%| O|  |TAMS 0x00000000e0c00000| PB 0x00000000e0c00000| Untracked |  0
|  13|0x00000000e0d00000, 0x00000000e0e00000, 0x00000000e0e00000|100%| O|  |TAMS 0x00000000e0d00000| PB 0x00000000e0d00000| Untracked |  0
|  14|0x00000000e0e00000, 0x00000000e0f00000, 0x00000000e0f00000|100%| O|  |TAMS 0x00000000e0e00000| PB 0x00000000e0e00000| Untracked |  0
|  15|0x00000000e0f00000, 0x00000000e1000000, 0x00000000e1000000|100%| O|  |TAMS 0x00000000e0f00000| PB 0x00000000e0f00000| Untracked |  0
|  16|0x00000000e1000000, 0x00000000e1100000, 0x00000000e1100000|100%| O|  |TAMS 0x00000000e1000000| PB 0x00000000e1000000| Untracked |  0
|  17|0x00000000e1100000, 0x00000000e1200000, 0x00000000e1200000|100%| O|  |TAMS 0x00000000e1100000| PB 0x00000000e1100000| Untracked |  0
|  18|0x00000000e1200000, 0x00000000e1300000, 0x00000000e1300000|100%| O|  |TAMS 0x00000000e1200000| PB 0x00000000e1200000| Untracked |  0
|  19|0x00000000e1300000, 0x00000000e1400000, 0x00000000e1400000|100%|HS|  |TAMS 0x00000000e1300000| PB 0x00000000e1300000| Complete |  0
|  20|0x00000000e1400000, 0x00000000e1500000, 0x00000000e1500000|100%|HS|  |TAMS 0x00000000e1400000| PB 0x00000000e1400000| Complete |  0
|  21|0x00000000e1500000, 0x00000000e1600000, 0x00000000e1600000|100%|HC|  |TAMS 0x00000000e1500000| PB 0x00000000e1500000| Complete |  0
|  22|0x00000000e1600000, 0x00000000e1700000, 0x00000000e1700000|100%|HC|  |TAMS 0x00000000e1600000| PB 0x00000000e1600000| Complete |  0
|  23|0x00000000e1700000, 0x00000000e1800000, 0x00000000e1800000|100%|HC|  |TAMS 0x00000000e1700000| PB 0x00000000e1700000| Complete |  0
|  24|0x00000000e1800000, 0x00000000e1900000, 0x00000000e1900000|100%|HC|  |TAMS 0x00000000e1800000| PB 0x00000000e1800000| Complete |  0
|  25|0x00000000e1900000, 0x00000000e1a00000, 0x00000000e1a00000|100%|HC|  |TAMS 0x00000000e1900000| PB 0x00000000e1900000| Complete |  0
|  26|0x00000000e1a00000, 0x00000000e1b00000, 0x00000000e1b00000|100%|HS|  |TAMS 0x00000000e1a00000| PB 0x00000000e1a00000| Complete |  0
|  27|0x00000000e1b00000, 0x00000000e1c00000, 0x00000000e1c00000|100%|HC|  |TAMS 0x00000000e1b00000| PB 0x00000000e1b00000| Complete |  0
|  28|0x00000000e1c00000, 0x00000000e1d00000, 0x00000000e1d00000|100%|HC|  |TAMS 0x00000000e1c00000| PB 0x00000000e1c00000| Complete |  0
|  29|0x00000000e1d00000, 0x00000000e1e00000, 0x00000000e1e00000|100%|HS|  |TAMS 0x00000000e1d00000| PB 0x00000000e1d00000| Complete |  0
|  30|0x00000000e1e00000, 0x00000000e1f00000, 0x00000000e1f00000|100%|HC|  |TAMS 0x00000000e1e00000| PB 0x00000000e1e00000| Complete |  0
|  31|0x00000000e1f00000, 0x00000000e2000000, 0x00000000e2000000|100%|HS|  |TAMS 0x00000000e1f00000| PB 0x00000000e1f00000| Complete |  0
|  32|0x00000000e2000000, 0x00000000e2100000, 0x00000000e2100000|100%|HS|  |TAMS 0x00000000e2000000| PB 0x00000000e2000000| Complete |  0
|  33|0x00000000e2100000, 0x00000000e2200000, 0x00000000e2200000|100%| O|  |TAMS 0x00000000e2100000| PB 0x00000000e2100000| Untracked |  0
|  34|0x00000000e2200000, 0x00000000e2300000, 0x00000000e2300000|100%| O|  |TAMS 0x00000000e2200000| PB 0x00000000e2200000| Untracked |  0
|  35|0x00000000e2300000, 0x00000000e2400000, 0x00000000e2400000|100%| O|  |TAMS 0x00000000e2300000| PB 0x00000000e2300000| Untracked |  0
|  36|0x00000000e2400000, 0x00000000e2500000, 0x00000000e2500000|100%| O|  |TAMS 0x00000000e2400000| PB 0x00000000e2400000| Untracked |  0
|  37|0x00000000e2500000, 0x00000000e2600000, 0x00000000e2600000|100%| O|  |TAMS 0x00000000e2500000| PB 0x00000000e2500000| Untracked |  0
|  38|0x00000000e2600000, 0x00000000e2700000, 0x00000000e2700000|100%| O|  |TAMS 0x00000000e2600000| PB 0x00000000e2600000| Untracked |  0
|  39|0x00000000e2700000, 0x00000000e2800000, 0x00000000e2800000|100%| O|  |TAMS 0x00000000e2700000| PB 0x00000000e2700000| Untracked |  0
|  40|0x00000000e2800000, 0x00000000e2900000, 0x00000000e2900000|100%| O|  |TAMS 0x00000000e2800000| PB 0x00000000e2800000| Untracked |  0
|  41|0x00000000e2900000, 0x00000000e2a00000, 0x00000000e2a00000|100%| O|  |TAMS 0x00000000e2900000| PB 0x00000000e2900000| Untracked |  0
|  42|0x00000000e2a00000, 0x00000000e2b00000, 0x00000000e2b00000|100%| O|  |TAMS 0x00000000e2a00000| PB 0x00000000e2a00000| Untracked |  0
|  43|0x00000000e2b00000, 0x00000000e2c00000, 0x00000000e2c00000|100%| O|  |TAMS 0x00000000e2b00000| PB 0x00000000e2b00000| Untracked |  0
|  44|0x00000000e2c00000, 0x00000000e2d00000, 0x00000000e2d00000|100%| O|  |TAMS 0x00000000e2c00000| PB 0x00000000e2c00000| Untracked |  0
|  45|0x00000000e2d00000, 0x00000000e2e00000, 0x00000000e2e00000|100%| O|  |TAMS 0x00000000e2d00000| PB 0x00000000e2d00000| Untracked |  0
|  46|0x00000000e2e00000, 0x00000000e2f00000, 0x00000000e2f00000|100%| O|  |TAMS 0x00000000e2e00000| PB 0x00000000e2e00000| Untracked |  0
|  47|0x00000000e2f00000, 0x00000000e3000000, 0x00000000e3000000|100%|HS|  |TAMS 0x00000000e2f00000| PB 0x00000000e2f00000| Complete |  0
|  48|0x00000000e3000000, 0x00000000e3100000, 0x00000000e3100000|100%| O|  |TAMS 0x00000000e3000000| PB 0x00000000e3000000| Untracked |  0
|  49|0x00000000e3100000, 0x00000000e3200000, 0x00000000e3200000|100%| O|  |TAMS 0x00000000e3100000| PB 0x00000000e3100000| Untracked |  0
|  50|0x00000000e3200000, 0x00000000e3300000, 0x00000000e3300000|100%|HS|  |TAMS 0x00000000e3200000| PB 0x00000000e3200000| Complete |  0
|  51|0x00000000e3300000, 0x00000000e3400000, 0x00000000e3400000|100%|HC|  |TAMS 0x00000000e3300000| PB 0x00000000e3300000| Complete |  0
|  52|0x00000000e3400000, 0x00000000e3500000, 0x00000000e3500000|100%|HC|  |TAMS 0x00000000e3400000| PB 0x00000000e3400000| Complete |  0
|  53|0x00000000e3500000, 0x00000000e3600000, 0x00000000e3600000|100%|HC|  |TAMS 0x00000000e3500000| PB 0x00000000e3500000| Complete |  0
|  54|0x00000000e3600000, 0x00000000e3700000, 0x00000000e3700000|100%|HC|  |TAMS 0x00000000e3600000| PB 0x00000000e3600000| Complete |  0
|  55|0x00000000e3700000, 0x00000000e3800000, 0x00000000e3800000|100%|HC|  |TAMS 0x00000000e3700000| PB 0x00000000e3700000| Complete |  0
|  56|0x00000000e3800000, 0x00000000e3900000, 0x00000000e3900000|100%|HS|  |TAMS 0x00000000e3800000| PB 0x00000000e3800000| Complete |  0
|  57|0x00000000e3900000, 0x00000000e3a00000, 0x00000000e3a00000|100%|HC|  |TAMS 0x00000000e3900000| PB 0x00000000e3900000| Complete |  0
|  58|0x00000000e3a00000, 0x00000000e3b00000, 0x00000000e3b00000|100%|HS|  |TAMS 0x00000000e3a00000| PB 0x00000000e3a00000| Complete |  0
|  59|0x00000000e3b00000, 0x00000000e3c00000, 0x00000000e3c00000|100%|HC|  |TAMS 0x00000000e3b00000| PB 0x00000000e3b00000| Complete |  0
|  60|0x00000000e3c00000, 0x00000000e3d00000, 0x00000000e3d00000|100%|HC|  |TAMS 0x00000000e3c00000| PB 0x00000000e3c00000| Complete |  0
|  61|0x00000000e3d00000, 0x00000000e3e00000, 0x00000000e3e00000|100%|HC|  |TAMS 0x00000000e3d00000| PB 0x00000000e3d00000| Complete |  0
|  62|0x00000000e3e00000, 0x00000000e3f00000, 0x00000000e3f00000|100%|HC|  |TAMS 0x00000000e3e00000| PB 0x00000000e3e00000| Complete |  0
|  63|0x00000000e3f00000, 0x00000000e4000000, 0x00000000e4000000|100%|HC|  |TAMS 0x00000000e3f00000| PB 0x00000000e3f00000| Complete |  0
|  64|0x00000000e4000000, 0x00000000e4100000, 0x00000000e4100000|100%| O|  |TAMS 0x00000000e4000000| PB 0x00000000e4000000| Untracked |  0
|  65|0x00000000e4100000, 0x00000000e4200000, 0x00000000e4200000|100%| O|  |TAMS 0x00000000e4100000| PB 0x00000000e4100000| Untracked |  0
|  66|0x00000000e4200000, 0x00000000e4300000, 0x00000000e4300000|100%| O|  |TAMS 0x00000000e4200000| PB 0x00000000e4200000| Untracked |  0
|  67|0x00000000e4300000, 0x00000000e4400000, 0x00000000e4400000|100%| O|  |TAMS 0x00000000e4300000| PB 0x00000000e4300000| Untracked |  0
|  68|0x00000000e4400000, 0x00000000e4500000, 0x00000000e4500000|100%| O|  |TAMS 0x00000000e4400000| PB 0x00000000e4400000| Untracked |  0
|  69|0x00000000e4500000, 0x00000000e4600000, 0x00000000e4600000|100%| O|  |TAMS 0x00000000e4500000| PB 0x00000000e4500000| Untracked |  0
|  70|0x00000000e4600000, 0x00000000e4700000, 0x00000000e4700000|100%| O|  |TAMS 0x00000000e4600000| PB 0x00000000e4600000| Untracked |  0
|  71|0x00000000e4700000, 0x00000000e4800000, 0x00000000e4800000|100%| O|  |TAMS 0x00000000e4700000| PB 0x00000000e4700000| Untracked |  0
|  72|0x00000000e4800000, 0x00000000e4900000, 0x00000000e4900000|100%| O|  |TAMS 0x00000000e4800000| PB 0x00000000e4800000| Untracked |  0
|  73|0x00000000e4900000, 0x00000000e4a00000, 0x00000000e4a00000|100%| O|  |TAMS 0x00000000e4900000| PB 0x00000000e4900000| Untracked |  0
|  74|0x00000000e4a00000, 0x00000000e4a1c3e0, 0x00000000e4b00000| 11%| O|  |TAMS 0x00000000e4a00000| PB 0x00000000e4a00000| Untracked |  0
|  75|0x00000000e4b00000, 0x00000000e4c00000, 0x00000000e4c00000|100%|HS|  |TAMS 0x00000000e4b00000| PB 0x00000000e4b00000| Complete |  0
|  76|0x00000000e4c00000, 0x00000000e4d00000, 0x00000000e4d00000|100%|HC|  |TAMS 0x00000000e4c00000| PB 0x00000000e4c00000| Complete |  0
|  77|0x00000000e4d00000, 0x00000000e4e00000, 0x00000000e4e00000|100%|HS|  |TAMS 0x00000000e4d00000| PB 0x00000000e4d00000| Complete |  0
|  78|0x00000000e4e00000, 0x00000000e4f00000, 0x00000000e4f00000|100%|HC|  |TAMS 0x00000000e4e00000| PB 0x00000000e4e00000| Complete |  0
|  79|0x00000000e4f00000, 0x00000000e5000000, 0x00000000e5000000|100%|HC|  |TAMS 0x00000000e4f00000| PB 0x00000000e4f00000| Complete |  0
|  80|0x00000000e5000000, 0x00000000e5100000, 0x00000000e5100000|100%|HC|  |TAMS 0x00000000e5000000| PB 0x00000000e5000000| Complete |  0
|  81|0x00000000e5100000, 0x00000000e5200000, 0x00000000e5200000|100%|HC|  |TAMS 0x00000000e5100000| PB 0x00000000e5100000| Complete |  0
|  82|0x00000000e5200000, 0x00000000e5300000, 0x00000000e5300000|100%|HC|  |TAMS 0x00000000e5200000| PB 0x00000000e5200000| Complete |  0
|  83|0x00000000e5300000, 0x00000000e5400000, 0x00000000e5400000|100%|HS|  |TAMS 0x00000000e5300000| PB 0x00000000e5300000| Complete |  0
|  84|0x00000000e5400000, 0x00000000e5500000, 0x00000000e5500000|100%|HC|  |TAMS 0x00000000e5400000| PB 0x00000000e5400000| Complete |  0
|  85|0x00000000e5500000, 0x00000000e5600000, 0x00000000e5600000|100%|HC|  |TAMS 0x00000000e5500000| PB 0x00000000e5500000| Complete |  0
|  86|0x00000000e5600000, 0x00000000e5700000, 0x00000000e5700000|100%|HS|  |TAMS 0x00000000e5600000| PB 0x00000000e5600000| Complete |  0
|  87|0x00000000e5700000, 0x00000000e5800000, 0x00000000e5800000|100%|HC|  |TAMS 0x00000000e5700000| PB 0x00000000e5700000| Complete |  0
|  88|0x00000000e5800000, 0x00000000e5900000, 0x00000000e5900000|100%|HS|  |TAMS 0x00000000e5800000| PB 0x00000000e5800000| Complete |  0
|  89|0x00000000e5900000, 0x00000000e5a00000, 0x00000000e5a00000|100%|HS|  |TAMS 0x00000000e5900000| PB 0x00000000e5900000| Complete |  0
|  90|0x00000000e5a00000, 0x00000000e5a00000, 0x00000000e5b00000|  0%| F|  |TAMS 0x00000000e5a00000| PB 0x00000000e5a00000| Untracked |  0
|  91|0x00000000e5b00000, 0x00000000e5b00000, 0x00000000e5c00000|  0%| F|  |TAMS 0x00000000e5b00000| PB 0x00000000e5b00000| Untracked |  0
|  92|0x00000000e5c00000, 0x00000000e5c00000, 0x00000000e5d00000|  0%| F|  |TAMS 0x00000000e5c00000| PB 0x00000000e5c00000| Untracked |  0
|  93|0x00000000e5d00000, 0x00000000e5d00000, 0x00000000e5e00000|  0%| F|  |TAMS 0x00000000e5d00000| PB 0x00000000e5d00000| Untracked |  0
|  94|0x00000000e5e00000, 0x00000000e5e00000, 0x00000000e5f00000|  0%| F|  |TAMS 0x00000000e5e00000| PB 0x00000000e5e00000| Untracked |  0
|  95|0x00000000e5f00000, 0x00000000e5f00000, 0x00000000e6000000|  0%| F|  |TAMS 0x00000000e5f00000| PB 0x00000000e5f00000| Untracked |  0
|  96|0x00000000e6000000, 0x00000000e6000000, 0x00000000e6100000|  0%| F|  |TAMS 0x00000000e6000000| PB 0x00000000e6000000| Untracked |  0
|  97|0x00000000e6100000, 0x00000000e6100000, 0x00000000e6200000|  0%| F|  |TAMS 0x00000000e6100000| PB 0x00000000e6100000| Untracked |  0
|  98|0x00000000e6200000, 0x00000000e6200000, 0x00000000e6300000|  0%| F|  |TAMS 0x00000000e6200000| PB 0x00000000e6200000| Untracked |  0
|  99|0x00000000e6300000, 0x00000000e6300000, 0x00000000e6400000|  0%| F|  |TAMS 0x00000000e6300000| PB 0x00000000e6300000| Untracked |  0
| 100|0x00000000e6400000, 0x00000000e6400000, 0x00000000e6500000|  0%| F|  |TAMS 0x00000000e6400000| PB 0x00000000e6400000| Untracked |  0
| 101|0x00000000e6500000, 0x00000000e6500000, 0x00000000e6600000|  0%| F|  |TAMS 0x00000000e6500000| PB 0x00000000e6500000| Untracked |  0
| 102|0x00000000e6600000, 0x00000000e6600000, 0x00000000e6700000|  0%| F|  |TAMS 0x00000000e6600000| PB 0x00000000e6600000| Untracked |  0
| 103|0x00000000e6700000, 0x00000000e6700000, 0x00000000e6800000|  0%| F|  |TAMS 0x00000000e6700000| PB 0x00000000e6700000| Untracked |  0
| 104|0x00000000e6800000, 0x00000000e6800000, 0x00000000e6900000|  0%| F|  |TAMS 0x00000000e6800000| PB 0x00000000e6800000| Untracked |  0
| 105|0x00000000e6900000, 0x00000000e6900000, 0x00000000e6a00000|  0%| F|  |TAMS 0x00000000e6900000| PB 0x00000000e6900000| Untracked |  0
| 106|0x00000000e6a00000, 0x00000000e6b00000, 0x00000000e6b00000|100%| S|CS|TAMS 0x00000000e6a00000| PB 0x00000000e6a00000| Complete |  0
| 107|0x00000000e6b00000, 0x00000000e6c00000, 0x00000000e6c00000|100%| S|CS|TAMS 0x00000000e6b00000| PB 0x00000000e6b00000| Complete |  0
| 108|0x00000000e6c00000, 0x00000000e6d00000, 0x00000000e6d00000|100%| S|CS|TAMS 0x00000000e6c00000| PB 0x00000000e6c00000| Complete |  0
| 109|0x00000000e6d00000, 0x00000000e6e00000, 0x00000000e6e00000|100%| S|CS|TAMS 0x00000000e6d00000| PB 0x00000000e6d00000| Complete |  0
| 110|0x00000000e6e00000, 0x00000000e6f00000, 0x00000000e6f00000|100%| S|CS|TAMS 0x00000000e6e00000| PB 0x00000000e6e00000| Complete |  0
| 111|0x00000000e6f00000, 0x00000000e7000000, 0x00000000e7000000|100%| S|CS|TAMS 0x00000000e6f00000| PB 0x00000000e6f00000| Complete |  0
| 112|0x00000000e7000000, 0x00000000e7100000, 0x00000000e7100000|100%| S|CS|TAMS 0x00000000e7000000| PB 0x00000000e7000000| Complete |  0
| 113|0x00000000e7100000, 0x00000000e7200000, 0x00000000e7200000|100%| S|CS|TAMS 0x00000000e7100000| PB 0x00000000e7100000| Complete |  0
| 114|0x00000000e7200000, 0x00000000e7300000, 0x00000000e7300000|100%| S|CS|TAMS 0x00000000e7200000| PB 0x00000000e7200000| Complete |  0
| 115|0x00000000e7300000, 0x00000000e7400000, 0x00000000e7400000|100%| S|CS|TAMS 0x00000000e7300000| PB 0x00000000e7300000| Complete |  0
| 116|0x00000000e7400000, 0x00000000e7500000, 0x00000000e7500000|100%| S|CS|TAMS 0x00000000e7400000| PB 0x00000000e7400000| Complete |  0
| 117|0x00000000e7500000, 0x00000000e7600000, 0x00000000e7600000|100%| S|CS|TAMS 0x00000000e7500000| PB 0x00000000e7500000| Complete |  0
| 118|0x00000000e7600000, 0x00000000e7700000, 0x00000000e7700000|100%| S|CS|TAMS 0x00000000e7600000| PB 0x00000000e7600000| Complete |  0
| 119|0x00000000e7700000, 0x00000000e7800000, 0x00000000e7800000|100%| S|CS|TAMS 0x00000000e7700000| PB 0x00000000e7700000| Complete |  0
| 120|0x00000000e7800000, 0x00000000e7900000, 0x00000000e7900000|100%| S|CS|TAMS 0x00000000e7800000| PB 0x00000000e7800000| Complete |  0
| 121|0x00000000e7900000, 0x00000000e7a00000, 0x00000000e7a00000|100%| S|CS|TAMS 0x00000000e7900000| PB 0x00000000e7900000| Complete |  0
| 122|0x00000000e7a00000, 0x00000000e7a00000, 0x00000000e7b00000|  0%| F|  |TAMS 0x00000000e7a00000| PB 0x00000000e7a00000| Untracked |  0
| 123|0x00000000e7b00000, 0x00000000e7b00000, 0x00000000e7c00000|  0%| F|  |TAMS 0x00000000e7b00000| PB 0x00000000e7b00000| Untracked |  0
| 124|0x00000000e7c00000, 0x00000000e7c00000, 0x00000000e7d00000|  0%| F|  |TAMS 0x00000000e7c00000| PB 0x00000000e7c00000| Untracked |  0
| 125|0x00000000e7d00000, 0x00000000e7d00000, 0x00000000e7e00000|  0%| F|  |TAMS 0x00000000e7d00000| PB 0x00000000e7d00000| Untracked |  0
| 126|0x00000000e7e00000, 0x00000000e7e00000, 0x00000000e7f00000|  0%| F|  |TAMS 0x00000000e7e00000| PB 0x00000000e7e00000| Untracked |  0
| 127|0x00000000e7f00000, 0x00000000e7f00000, 0x00000000e8000000|  0%| F|  |TAMS 0x00000000e7f00000| PB 0x00000000e7f00000| Untracked |  0
| 128|0x00000000e8000000, 0x00000000e8000000, 0x00000000e8100000|  0%| F|  |TAMS 0x00000000e8000000| PB 0x00000000e8000000| Untracked |  0
| 129|0x00000000e8100000, 0x00000000e8100000, 0x00000000e8200000|  0%| F|  |TAMS 0x00000000e8100000| PB 0x00000000e8100000| Untracked |  0
| 130|0x00000000e8200000, 0x00000000e8200000, 0x00000000e8300000|  0%| F|  |TAMS 0x00000000e8200000| PB 0x00000000e8200000| Untracked |  0
| 131|0x00000000e8300000, 0x00000000e8300000, 0x00000000e8400000|  0%| F|  |TAMS 0x00000000e8300000| PB 0x00000000e8300000| Untracked |  0
| 132|0x00000000e8400000, 0x00000000e8400000, 0x00000000e8500000|  0%| F|  |TAMS 0x00000000e8400000| PB 0x00000000e8400000| Untracked |  0
| 133|0x00000000e8500000, 0x00000000e8500000, 0x00000000e8600000|  0%| F|  |TAMS 0x00000000e8500000| PB 0x00000000e8500000| Untracked |  0
| 134|0x00000000e8600000, 0x00000000e8600000, 0x00000000e8700000|  0%| F|  |TAMS 0x00000000e8600000| PB 0x00000000e8600000| Untracked |  0
| 135|0x00000000e8700000, 0x00000000e8700000, 0x00000000e8800000|  0%| F|  |TAMS 0x00000000e8700000| PB 0x00000000e8700000| Untracked |  0
| 136|0x00000000e8800000, 0x00000000e8800000, 0x00000000e8900000|  0%| F|  |TAMS 0x00000000e8800000| PB 0x00000000e8800000| Untracked |  0
| 137|0x00000000e8900000, 0x00000000e8900000, 0x00000000e8a00000|  0%| F|  |TAMS 0x00000000e8900000| PB 0x00000000e8900000| Untracked |  0
| 138|0x00000000e8a00000, 0x00000000e8a00000, 0x00000000e8b00000|  0%| F|  |TAMS 0x00000000e8a00000| PB 0x00000000e8a00000| Untracked |  0
| 139|0x00000000e8b00000, 0x00000000e8b00000, 0x00000000e8c00000|  0%| F|  |TAMS 0x00000000e8b00000| PB 0x00000000e8b00000| Untracked |  0
| 140|0x00000000e8c00000, 0x00000000e8c00000, 0x00000000e8d00000|  0%| F|  |TAMS 0x00000000e8c00000| PB 0x00000000e8c00000| Untracked |  0
| 141|0x00000000e8d00000, 0x00000000e8d00000, 0x00000000e8e00000|  0%| F|  |TAMS 0x00000000e8d00000| PB 0x00000000e8d00000| Untracked |  0
| 142|0x00000000e8e00000, 0x00000000e8e00000, 0x00000000e8f00000|  0%| F|  |TAMS 0x00000000e8e00000| PB 0x00000000e8e00000| Untracked |  0
| 143|0x00000000e8f00000, 0x00000000e8f00000, 0x00000000e9000000|  0%| F|  |TAMS 0x00000000e8f00000| PB 0x00000000e8f00000| Untracked |  0
| 144|0x00000000e9000000, 0x00000000e9000000, 0x00000000e9100000|  0%| F|  |TAMS 0x00000000e9000000| PB 0x00000000e9000000| Untracked |  0
| 145|0x00000000e9100000, 0x00000000e9100000, 0x00000000e9200000|  0%| F|  |TAMS 0x00000000e9100000| PB 0x00000000e9100000| Untracked |  0
| 146|0x00000000e9200000, 0x00000000e9200000, 0x00000000e9300000|  0%| F|  |TAMS 0x00000000e9200000| PB 0x00000000e9200000| Untracked |  0
| 147|0x00000000e9300000, 0x00000000e9300000, 0x00000000e9400000|  0%| F|  |TAMS 0x00000000e9300000| PB 0x00000000e9300000| Untracked |  0
| 148|0x00000000e9400000, 0x00000000e9400000, 0x00000000e9500000|  0%| F|  |TAMS 0x00000000e9400000| PB 0x00000000e9400000| Untracked |  0
| 149|0x00000000e9500000, 0x00000000e9500000, 0x00000000e9600000|  0%| F|  |TAMS 0x00000000e9500000| PB 0x00000000e9500000| Untracked |  0
| 150|0x00000000e9600000, 0x00000000e9600000, 0x00000000e9700000|  0%| F|  |TAMS 0x00000000e9600000| PB 0x00000000e9600000| Untracked |  0
| 151|0x00000000e9700000, 0x00000000e9700000, 0x00000000e9800000|  0%| F|  |TAMS 0x00000000e9700000| PB 0x00000000e9700000| Untracked |  0
| 152|0x00000000e9800000, 0x00000000e9800000, 0x00000000e9900000|  0%| F|  |TAMS 0x00000000e9800000| PB 0x00000000e9800000| Untracked |  0
| 153|0x00000000e9900000, 0x00000000e9900000, 0x00000000e9a00000|  0%| F|  |TAMS 0x00000000e9900000| PB 0x00000000e9900000| Untracked |  0
| 154|0x00000000e9a00000, 0x00000000e9a00000, 0x00000000e9b00000|  0%| F|  |TAMS 0x00000000e9a00000| PB 0x00000000e9a00000| Untracked |  0
| 155|0x00000000e9b00000, 0x00000000e9b00000, 0x00000000e9c00000|  0%| F|  |TAMS 0x00000000e9b00000| PB 0x00000000e9b00000| Untracked |  0
| 156|0x00000000e9c00000, 0x00000000e9c00000, 0x00000000e9d00000|  0%| F|  |TAMS 0x00000000e9c00000| PB 0x00000000e9c00000| Untracked |  0
| 157|0x00000000e9d00000, 0x00000000e9d00000, 0x00000000e9e00000|  0%| F|  |TAMS 0x00000000e9d00000| PB 0x00000000e9d00000| Untracked |  0
| 158|0x00000000e9e00000, 0x00000000e9e00000, 0x00000000e9f00000|  0%| F|  |TAMS 0x00000000e9e00000| PB 0x00000000e9e00000| Untracked |  0
| 159|0x00000000e9f00000, 0x00000000e9f00000, 0x00000000ea000000|  0%| F|  |TAMS 0x00000000e9f00000| PB 0x00000000e9f00000| Untracked |  0
| 160|0x00000000ea000000, 0x00000000ea000000, 0x00000000ea100000|  0%| F|  |TAMS 0x00000000ea000000| PB 0x00000000ea000000| Untracked |  0
| 161|0x00000000ea100000, 0x00000000ea100000, 0x00000000ea200000|  0%| F|  |TAMS 0x00000000ea100000| PB 0x00000000ea100000| Untracked |  0
| 162|0x00000000ea200000, 0x00000000ea200000, 0x00000000ea300000|  0%| F|  |TAMS 0x00000000ea200000| PB 0x00000000ea200000| Untracked |  0
| 163|0x00000000ea300000, 0x00000000ea300000, 0x00000000ea400000|  0%| F|  |TAMS 0x00000000ea300000| PB 0x00000000ea300000| Untracked |  0
| 164|0x00000000ea400000, 0x00000000ea400000, 0x00000000ea500000|  0%| F|  |TAMS 0x00000000ea400000| PB 0x00000000ea400000| Untracked |  0
| 165|0x00000000ea500000, 0x00000000ea500000, 0x00000000ea600000|  0%| F|  |TAMS 0x00000000ea500000| PB 0x00000000ea500000| Untracked |  0
| 166|0x00000000ea600000, 0x00000000ea600000, 0x00000000ea700000|  0%| F|  |TAMS 0x00000000ea600000| PB 0x00000000ea600000| Untracked |  0
| 167|0x00000000ea700000, 0x00000000ea700000, 0x00000000ea800000|  0%| F|  |TAMS 0x00000000ea700000| PB 0x00000000ea700000| Untracked |  0
| 168|0x00000000ea800000, 0x00000000ea800000, 0x00000000ea900000|  0%| F|  |TAMS 0x00000000ea800000| PB 0x00000000ea800000| Untracked |  0
| 169|0x00000000ea900000, 0x00000000ea900000, 0x00000000eaa00000|  0%| F|  |TAMS 0x00000000ea900000| PB 0x00000000ea900000| Untracked |  0
| 170|0x00000000eaa00000, 0x00000000eaa00000, 0x00000000eab00000|  0%| F|  |TAMS 0x00000000eaa00000| PB 0x00000000eaa00000| Untracked |  0
| 171|0x00000000eab00000, 0x00000000eab00000, 0x00000000eac00000|  0%| F|  |TAMS 0x00000000eab00000| PB 0x00000000eab00000| Untracked |  0
| 172|0x00000000eac00000, 0x00000000eac00000, 0x00000000ead00000|  0%| F|  |TAMS 0x00000000eac00000| PB 0x00000000eac00000| Untracked |  0
| 173|0x00000000ead00000, 0x00000000ead00000, 0x00000000eae00000|  0%| F|  |TAMS 0x00000000ead00000| PB 0x00000000ead00000| Untracked |  0
| 174|0x00000000eae00000, 0x00000000eae00000, 0x00000000eaf00000|  0%| F|  |TAMS 0x00000000eae00000| PB 0x00000000eae00000| Untracked |  0
| 175|0x00000000eaf00000, 0x00000000eaf00000, 0x00000000eb000000|  0%| F|  |TAMS 0x00000000eaf00000| PB 0x00000000eaf00000| Untracked |  0
| 176|0x00000000eb000000, 0x00000000eb000000, 0x00000000eb100000|  0%| F|  |TAMS 0x00000000eb000000| PB 0x00000000eb000000| Untracked |  0
| 177|0x00000000eb100000, 0x00000000eb100000, 0x00000000eb200000|  0%| F|  |TAMS 0x00000000eb100000| PB 0x00000000eb100000| Untracked |  0
| 178|0x00000000eb200000, 0x00000000eb200000, 0x00000000eb300000|  0%| F|  |TAMS 0x00000000eb200000| PB 0x00000000eb200000| Untracked |  0
| 179|0x00000000eb300000, 0x00000000eb300000, 0x00000000eb400000|  0%| F|  |TAMS 0x00000000eb300000| PB 0x00000000eb300000| Untracked |  0
| 180|0x00000000eb400000, 0x00000000eb400000, 0x00000000eb500000|  0%| F|  |TAMS 0x00000000eb400000| PB 0x00000000eb400000| Untracked |  0
| 181|0x00000000eb500000, 0x00000000eb500000, 0x00000000eb600000|  0%| F|  |TAMS 0x00000000eb500000| PB 0x00000000eb500000| Untracked |  0
| 182|0x00000000eb600000, 0x00000000eb600000, 0x00000000eb700000|  0%| F|  |TAMS 0x00000000eb600000| PB 0x00000000eb600000| Untracked |  0
| 183|0x00000000eb700000, 0x00000000eb700000, 0x00000000eb800000|  0%| F|  |TAMS 0x00000000eb700000| PB 0x00000000eb700000| Untracked |  0
| 184|0x00000000eb800000, 0x00000000eb800000, 0x00000000eb900000|  0%| F|  |TAMS 0x00000000eb800000| PB 0x00000000eb800000| Untracked |  0
| 185|0x00000000eb900000, 0x00000000eb900000, 0x00000000eba00000|  0%| F|  |TAMS 0x00000000eb900000| PB 0x00000000eb900000| Untracked |  0
| 186|0x00000000eba00000, 0x00000000eba00000, 0x00000000ebb00000|  0%| F|  |TAMS 0x00000000eba00000| PB 0x00000000eba00000| Untracked |  0
| 187|0x00000000ebb00000, 0x00000000ebb00000, 0x00000000ebc00000|  0%| F|  |TAMS 0x00000000ebb00000| PB 0x00000000ebb00000| Untracked |  0
| 188|0x00000000ebc00000, 0x00000000ebc00000, 0x00000000ebd00000|  0%| F|  |TAMS 0x00000000ebc00000| PB 0x00000000ebc00000| Untracked |  0
| 189|0x00000000ebd00000, 0x00000000ebd00000, 0x00000000ebe00000|  0%| F|  |TAMS 0x00000000ebd00000| PB 0x00000000ebd00000| Untracked |  0
| 190|0x00000000ebe00000, 0x00000000ebe00000, 0x00000000ebf00000|  0%| F|  |TAMS 0x00000000ebe00000| PB 0x00000000ebe00000| Untracked |  0
| 191|0x00000000ebf00000, 0x00000000ebf00000, 0x00000000ec000000|  0%| F|  |TAMS 0x00000000ebf00000| PB 0x00000000ebf00000| Untracked |  0
| 192|0x00000000ec000000, 0x00000000ec000000, 0x00000000ec100000|  0%| F|  |TAMS 0x00000000ec000000| PB 0x00000000ec000000| Untracked |  0
| 193|0x00000000ec100000, 0x00000000ec100000, 0x00000000ec200000|  0%| F|  |TAMS 0x00000000ec100000| PB 0x00000000ec100000| Untracked |  0
| 194|0x00000000ec200000, 0x00000000ec200000, 0x00000000ec300000|  0%| F|  |TAMS 0x00000000ec200000| PB 0x00000000ec200000| Untracked |  0
| 195|0x00000000ec300000, 0x00000000ec300000, 0x00000000ec400000|  0%| F|  |TAMS 0x00000000ec300000| PB 0x00000000ec300000| Untracked |  0
| 196|0x00000000ec400000, 0x00000000ec400000, 0x00000000ec500000|  0%| F|  |TAMS 0x00000000ec400000| PB 0x00000000ec400000| Untracked |  0
| 197|0x00000000ec500000, 0x00000000ec500000, 0x00000000ec600000|  0%| F|  |TAMS 0x00000000ec500000| PB 0x00000000ec500000| Untracked |  0
| 198|0x00000000ec600000, 0x00000000ec600000, 0x00000000ec700000|  0%| F|  |TAMS 0x00000000ec600000| PB 0x00000000ec600000| Untracked |  0
| 199|0x00000000ec700000, 0x00000000ec700000, 0x00000000ec800000|  0%| F|  |TAMS 0x00000000ec700000| PB 0x00000000ec700000| Untracked |  0
| 200|0x00000000ec800000, 0x00000000ec800000, 0x00000000ec900000|  0%| F|  |TAMS 0x00000000ec800000| PB 0x00000000ec800000| Untracked |  0
| 201|0x00000000ec900000, 0x00000000ec900000, 0x00000000eca00000|  0%| F|  |TAMS 0x00000000ec900000| PB 0x00000000ec900000| Untracked |  0
| 202|0x00000000eca00000, 0x00000000eca00000, 0x00000000ecb00000|  0%| F|  |TAMS 0x00000000eca00000| PB 0x00000000eca00000| Untracked |  0
| 203|0x00000000ecb00000, 0x00000000ecb00000, 0x00000000ecc00000|  0%| F|  |TAMS 0x00000000ecb00000| PB 0x00000000ecb00000| Untracked |  0
| 204|0x00000000ecc00000, 0x00000000ecc00000, 0x00000000ecd00000|  0%| F|  |TAMS 0x00000000ecc00000| PB 0x00000000ecc00000| Untracked |  0
| 205|0x00000000ecd00000, 0x00000000ecd00000, 0x00000000ece00000|  0%| F|  |TAMS 0x00000000ecd00000| PB 0x00000000ecd00000| Untracked |  0
| 206|0x00000000ece00000, 0x00000000ece00000, 0x00000000ecf00000|  0%| F|  |TAMS 0x00000000ece00000| PB 0x00000000ece00000| Untracked |  0
| 207|0x00000000ecf00000, 0x00000000ecf00000, 0x00000000ed000000|  0%| F|  |TAMS 0x00000000ecf00000| PB 0x00000000ecf00000| Untracked |  0
| 208|0x00000000ed000000, 0x00000000ed000000, 0x00000000ed100000|  0%| F|  |TAMS 0x00000000ed000000| PB 0x00000000ed000000| Untracked |  0
| 209|0x00000000ed100000, 0x00000000ed100000, 0x00000000ed200000|  0%| F|  |TAMS 0x00000000ed100000| PB 0x00000000ed100000| Untracked |  0
| 210|0x00000000ed200000, 0x00000000ed200000, 0x00000000ed300000|  0%| F|  |TAMS 0x00000000ed200000| PB 0x00000000ed200000| Untracked |  0
| 211|0x00000000ed300000, 0x00000000ed300000, 0x00000000ed400000|  0%| F|  |TAMS 0x00000000ed300000| PB 0x00000000ed300000| Untracked |  0
| 212|0x00000000ed400000, 0x00000000ed400000, 0x00000000ed500000|  0%| F|  |TAMS 0x00000000ed400000| PB 0x00000000ed400000| Untracked |  0
| 213|0x00000000ed500000, 0x00000000ed500000, 0x00000000ed600000|  0%| F|  |TAMS 0x00000000ed500000| PB 0x00000000ed500000| Untracked |  0
| 214|0x00000000ed600000, 0x00000000ed600000, 0x00000000ed700000|  0%| F|  |TAMS 0x00000000ed600000| PB 0x00000000ed600000| Untracked |  0
| 215|0x00000000ed700000, 0x00000000ed700000, 0x00000000ed800000|  0%| F|  |TAMS 0x00000000ed700000| PB 0x00000000ed700000| Untracked |  0
| 216|0x00000000ed800000, 0x00000000ed800000, 0x00000000ed900000|  0%| F|  |TAMS 0x00000000ed800000| PB 0x00000000ed800000| Untracked |  0
| 217|0x00000000ed900000, 0x00000000ed900000, 0x00000000eda00000|  0%| F|  |TAMS 0x00000000ed900000| PB 0x00000000ed900000| Untracked |  0
| 218|0x00000000eda00000, 0x00000000eda00000, 0x00000000edb00000|  0%| F|  |TAMS 0x00000000eda00000| PB 0x00000000eda00000| Untracked |  0
| 219|0x00000000edb00000, 0x00000000edb00000, 0x00000000edc00000|  0%| F|  |TAMS 0x00000000edb00000| PB 0x00000000edb00000| Untracked |  0
| 220|0x00000000edc00000, 0x00000000edc00000, 0x00000000edd00000|  0%| F|  |TAMS 0x00000000edc00000| PB 0x00000000edc00000| Untracked |  0
| 221|0x00000000edd00000, 0x00000000edd00000, 0x00000000ede00000|  0%| F|  |TAMS 0x00000000edd00000| PB 0x00000000edd00000| Untracked |  0
| 222|0x00000000ede00000, 0x00000000ede00000, 0x00000000edf00000|  0%| F|  |TAMS 0x00000000ede00000| PB 0x00000000ede00000| Untracked |  0
| 223|0x00000000edf00000, 0x00000000edf00000, 0x00000000ee000000|  0%| F|  |TAMS 0x00000000edf00000| PB 0x00000000edf00000| Untracked |  0
| 224|0x00000000ee000000, 0x00000000ee000000, 0x00000000ee100000|  0%| F|  |TAMS 0x00000000ee000000| PB 0x00000000ee000000| Untracked |  0
| 225|0x00000000ee100000, 0x00000000ee100000, 0x00000000ee200000|  0%| F|  |TAMS 0x00000000ee100000| PB 0x00000000ee100000| Untracked |  0
| 226|0x00000000ee200000, 0x00000000ee200000, 0x00000000ee300000|  0%| F|  |TAMS 0x00000000ee200000| PB 0x00000000ee200000| Untracked |  0
| 227|0x00000000ee300000, 0x00000000ee300000, 0x00000000ee400000|  0%| F|  |TAMS 0x00000000ee300000| PB 0x00000000ee300000| Untracked |  0
| 228|0x00000000ee400000, 0x00000000ee400000, 0x00000000ee500000|  0%| F|  |TAMS 0x00000000ee400000| PB 0x00000000ee400000| Untracked |  0
| 229|0x00000000ee500000, 0x00000000ee500000, 0x00000000ee600000|  0%| F|  |TAMS 0x00000000ee500000| PB 0x00000000ee500000| Untracked |  0
| 230|0x00000000ee600000, 0x00000000ee600000, 0x00000000ee700000|  0%| F|  |TAMS 0x00000000ee600000| PB 0x00000000ee600000| Untracked |  0
| 231|0x00000000ee700000, 0x00000000ee700000, 0x00000000ee800000|  0%| F|  |TAMS 0x00000000ee700000| PB 0x00000000ee700000| Untracked |  0
| 232|0x00000000ee800000, 0x00000000ee800000, 0x00000000ee900000|  0%| F|  |TAMS 0x00000000ee800000| PB 0x00000000ee800000| Untracked |  0
| 233|0x00000000ee900000, 0x00000000ee900000, 0x00000000eea00000|  0%| F|  |TAMS 0x00000000ee900000| PB 0x00000000ee900000| Untracked |  0
| 234|0x00000000eea00000, 0x00000000eea00000, 0x00000000eeb00000|  0%| F|  |TAMS 0x00000000eea00000| PB 0x00000000eea00000| Untracked |  0
| 235|0x00000000eeb00000, 0x00000000eeb00000, 0x00000000eec00000|  0%| F|  |TAMS 0x00000000eeb00000| PB 0x00000000eeb00000| Untracked |  0
| 236|0x00000000eec00000, 0x00000000eec00000, 0x00000000eed00000|  0%| F|  |TAMS 0x00000000eec00000| PB 0x00000000eec00000| Untracked |  0
| 237|0x00000000eed00000, 0x00000000eed00000, 0x00000000eee00000|  0%| F|  |TAMS 0x00000000eed00000| PB 0x00000000eed00000| Untracked |  0
| 238|0x00000000eee00000, 0x00000000eee00000, 0x00000000eef00000|  0%| F|  |TAMS 0x00000000eee00000| PB 0x00000000eee00000| Untracked |  0
| 239|0x00000000eef00000, 0x00000000eef00000, 0x00000000ef000000|  0%| F|  |TAMS 0x00000000eef00000| PB 0x00000000eef00000| Untracked |  0
| 240|0x00000000ef000000, 0x00000000ef000000, 0x00000000ef100000|  0%| F|  |TAMS 0x00000000ef000000| PB 0x00000000ef000000| Untracked |  0
| 241|0x00000000ef100000, 0x00000000ef100000, 0x00000000ef200000|  0%| F|  |TAMS 0x00000000ef100000| PB 0x00000000ef100000| Untracked |  0
| 242|0x00000000ef200000, 0x00000000ef200000, 0x00000000ef300000|  0%| F|  |TAMS 0x00000000ef200000| PB 0x00000000ef200000| Untracked |  0
| 243|0x00000000ef300000, 0x00000000ef300000, 0x00000000ef400000|  0%| F|  |TAMS 0x00000000ef300000| PB 0x00000000ef300000| Untracked |  0
| 244|0x00000000ef400000, 0x00000000ef400000, 0x00000000ef500000|  0%| F|  |TAMS 0x00000000ef400000| PB 0x00000000ef400000| Untracked |  0
| 245|0x00000000ef500000, 0x00000000ef500000, 0x00000000ef600000|  0%| F|  |TAMS 0x00000000ef500000| PB 0x00000000ef500000| Untracked |  0
| 246|0x00000000ef600000, 0x00000000ef600000, 0x00000000ef700000|  0%| F|  |TAMS 0x00000000ef600000| PB 0x00000000ef600000| Untracked |  0
| 247|0x00000000ef700000, 0x00000000ef700000, 0x00000000ef800000|  0%| F|  |TAMS 0x00000000ef700000| PB 0x00000000ef700000| Untracked |  0
| 248|0x00000000ef800000, 0x00000000ef800000, 0x00000000ef900000|  0%| F|  |TAMS 0x00000000ef800000| PB 0x00000000ef800000| Untracked |  0
| 249|0x00000000ef900000, 0x00000000ef900000, 0x00000000efa00000|  0%| F|  |TAMS 0x00000000ef900000| PB 0x00000000ef900000| Untracked |  0
| 250|0x00000000efa00000, 0x00000000efa00000, 0x00000000efb00000|  0%| F|  |TAMS 0x00000000efa00000| PB 0x00000000efa00000| Untracked |  0
| 251|0x00000000efb00000, 0x00000000efb00000, 0x00000000efc00000|  0%| F|  |TAMS 0x00000000efb00000| PB 0x00000000efb00000| Untracked |  0
| 252|0x00000000efc00000, 0x00000000efc00000, 0x00000000efd00000|  0%| F|  |TAMS 0x00000000efc00000| PB 0x00000000efc00000| Untracked |  0
| 255|0x00000000eff00000, 0x00000000eff00000, 0x00000000f0000000|  0%| F|  |TAMS 0x00000000eff00000| PB 0x00000000eff00000| Untracked |  0
| 510|0x00000000ffe00000, 0x00000000fff00000, 0x00000000fff00000|100%| O|  |TAMS 0x00000000ffe00000| PB 0x00000000ffe00000| Untracked |  0
| 511|0x00000000fff00000, 0x0000000100000000, 0x0000000100000000|100%| E|  |TAMS 0x00000000fff00000| PB 0x00000000fff00000| Complete |  0

Card table byte_map: [0x000001eca1360000,0x000001eca1460000] _byte_map_base: 0x000001eca0c60000

Marking Bits: (CMBitMap*) 0x000001ec899e37d0
 Bits: [0x000001eca1460000, 0x000001eca1c60000)

Polling page: 0x000001ec87770000

Metaspace:

Usage:
  Non-class:     63.99 MB used.
      Class:      7.53 MB used.
       Both:     71.52 MB used.

Virtual space:
  Non-class space:      128.00 MB reserved,      65.06 MB ( 51%) committed,  2 nodes.
      Class space:      320.00 MB reserved,       8.50 MB (  3%) committed,  1 nodes.
             Both:      448.00 MB reserved,      73.56 MB ( 16%) committed. 

Chunk freelists:
   Non-Class:  14.77 MB
       Class:  7.42 MB
        Both:  22.19 MB

MaxMetaspaceSize: 384.00 MB
CompressedClassSpaceSize: 320.00 MB
Initial GC threshold: 21.00 MB
Current GC threshold: 102.81 MB
CDS: on
 - commit_granule_bytes: 65536.
 - commit_granule_words: 8192.
 - virtual_space_node_default_size: 8388608.
 - enlarge_chunks_in_place: 1.
UseCompressedClassPointers 1, UseCompactObjectHeaders 0
Narrow klass pointer bits 32, Max shift 3
Narrow klass base: 0x000001eca5000000, Narrow klass shift: 0
Encoding Range: [0x000001eca5000000 - 0x000001eda5000000), (4294967296 bytes)
Klass Range:    [0x000001eca5000000 - 0x000001ecba000000), (352321536 bytes)
Klass ID Range:  [8 - 352321529) (352321521)


Internal statistics:

num_allocs_failed_limit: 24.
num_arena_births: 3504.
num_arena_deaths: 0.
num_vsnodes_births: 3.
num_vsnodes_deaths: 0.
num_space_committed: 1162.
num_space_uncommitted: 0.
num_chunks_returned_to_freelist: 24.
num_chunks_taken_from_freelist: 6419.
num_chunk_merges: 21.
num_chunk_splits: 4195.
num_chunks_enlarged: 2567.
num_inconsistent_stats: 0.

CodeHeap 'non-profiled nmethods': size=120064Kb used=3471Kb max_used=3471Kb free=116592Kb
 bounds [0x000001ec99d20000, 0x000001ec9a090000, 0x000001eca1260000]
CodeHeap 'profiled nmethods': size=120000Kb used=12417Kb max_used=12417Kb free=107582Kb
 bounds [0x000001ec92260000, 0x000001ec92e90000, 0x000001ec99790000]
CodeHeap 'non-nmethods': size=5696Kb used=2683Kb max_used=2752Kb free=3013Kb
 bounds [0x000001ec99790000, 0x000001ec99a50000, 0x000001ec99d20000]
CodeCache: size=245760Kb, used=18571Kb, max_used=18640Kb, free=227187Kb
 total_blobs=8659, nmethods=7688, adapters=873, full_count=0
Compilation: enabled, stopped_count=0, restarted_count=0

Compilation events (20 events):
Event: 63.504 Thread 0x000001eca427e790 nmethod 8405 0x000001ec92e6ca88 code [0x000001ec92e6cbc0, 0x000001ec92e6cf90]
Event: 63.521 Thread 0x000001eca427e790 8406       1       java.io.ObjectStreamClass::getPrimDataSize (5 bytes)
Event: 63.522 Thread 0x000001eca427e790 nmethod 8406 0x000001ec9a082e88 code [0x000001ec9a082f80, 0x000001ec9a083048]
Event: 63.522 Thread 0x000001eca427e790 8407       1       java.io.ObjectStreamClass::getNumObjFields (5 bytes)
Event: 63.522 Thread 0x000001eca427e790 nmethod 8407 0x000001ec9a083188 code [0x000001ec9a083280, 0x000001ec9a083348]
Event: 63.522 Thread 0x000001eca427e790 8408       3       java.io.ObjectOutputStream$BlockDataOutputStream::setBlockDataMode (35 bytes)
Event: 63.522 Thread 0x000001eca427e790 nmethod 8408 0x000001ec92e6d008 code [0x000001ec92e6d140, 0x000001ec92e6d3c0]
Event: 63.522 Thread 0x000001eca427e790 8409       3       java.io.ClassCache::processQueue (32 bytes)
Event: 63.523 Thread 0x000001eca427e790 nmethod 8409 0x000001ec92e6d408 code [0x000001ec92e6d580, 0x000001ec92e6daf8]
Event: 63.526 Thread 0x000001eca427e790 8410       3       java.io.ObjectOutputStream$BlockDataOutputStream::writeByte (33 bytes)
Event: 63.527 Thread 0x000001eca427e790 nmethod 8410 0x000001ec92e6db88 code [0x000001ec92e6dca0, 0x000001ec92e6ded8]
Event: 63.528 Thread 0x000001eca427e790 8411       3       java.io.ObjectOutputStream$HandleTable::insert (39 bytes)
Event: 63.529 Thread 0x000001eca427e790 nmethod 8411 0x000001ec92e6df08 code [0x000001ec92e6e040, 0x000001ec92e6e3f0]
Event: 63.529 Thread 0x000001eca427e790 8412       3       java.io.ObjectOutputStream$HandleTable::lookup (56 bytes)
Event: 63.529 Thread 0x000001eca427e790 nmethod 8412 0x000001ec92e6e408 code [0x000001ec92e6e560, 0x000001ec92e6e8d8]
Event: 63.534 Thread 0x000001eca427e790 8413       3       java.io.ObjectOutputStream$BlockDataOutputStream::drain (45 bytes)
Event: 63.535 Thread 0x000001eca427e790 nmethod 8413 0x000001ec92e6e908 code [0x000001ec92e6ea40, 0x000001ec92e6ed00]
Event: 63.535 Thread 0x000001eca427e790 8414       3       java.lang.invoke.VarHandleByteArrayAsShorts$ArrayHandle::set (39 bytes)
Event: 63.535 Thread 0x000001eca427e790 nmethod 8414 0x000001ec92e6ed88 code [0x000001ec92e6eec0, 0x000001ec92e6f2d8]
Event: 63.557 Thread 0x000001eca4278740 8415       4       java.lang.invoke.MemberName::ensureTypeVisible (180 bytes)

GC Heap History (18 events):
Event: 2.745 GC heap before
{Heap before GC invocations=0 (full 0):
 garbage-first heap   total reserved 524288K, committed 264192K, used 29808K [0x00000000e0000000, 0x0000000100000000)
  region size 1024K, 28 young (28672K), 0 survivors (0K)
 Metaspace       used 1086K, committed 1216K, reserved 393216K
  class space    used 57K, committed 128K, reserved 327680K
}
Event: 3.011 GC heap after
{Heap after GC invocations=1 (full 0):
 garbage-first heap   total reserved 524288K, committed 264192K, used 6256K [0x00000000e0000000, 0x0000000100000000)
  region size 1024K, 4 young (4096K), 4 survivors (4096K)
 Metaspace       used 1086K, committed 1216K, reserved 393216K
  class space    used 57K, committed 128K, reserved 327680K
}
Event: 15.924 GC heap before
{Heap before GC invocations=1 (full 0):
 garbage-first heap   total reserved 524288K, committed 264192K, used 120944K [0x00000000e0000000, 0x0000000100000000)
  region size 1024K, 112 young (114688K), 4 survivors (4096K)
 Metaspace       used 12048K, committed 12416K, reserved 393216K
  class space    used 1226K, committed 1408K, reserved 327680K
}
Event: 15.949 GC heap after
{Heap after GC invocations=2 (full 0):
 garbage-first heap   total reserved 524288K, committed 264192K, used 20914K [0x00000000e0000000, 0x0000000100000000)
  region size 1024K, 14 young (14336K), 14 survivors (14336K)
 Metaspace       used 12048K, committed 12416K, reserved 393216K
  class space    used 1226K, committed 1408K, reserved 327680K
}
Event: 22.498 GC heap before
{Heap before GC invocations=2 (full 0):
 garbage-first heap   total reserved 524288K, committed 264192K, used 83378K [0x00000000e0000000, 0x0000000100000000)
  region size 1024K, 76 young (77824K), 14 survivors (14336K)
 Metaspace       used 20880K, committed 21504K, reserved 393216K
  class space    used 2263K, committed 2560K, reserved 327680K
}
Event: 22.527 GC heap after
{Heap after GC invocations=3 (full 0):
 garbage-first heap   total reserved 524288K, committed 264192K, used 25213K [0x00000000e0000000, 0x0000000100000000)
  region size 1024K, 4 young (4096K), 4 survivors (4096K)
 Metaspace       used 20880K, committed 21504K, reserved 393216K
  class space    used 2263K, committed 2560K, reserved 327680K
}
Event: 31.575 GC heap before
{Heap before GC invocations=4 (full 0):
 garbage-first heap   total reserved 524288K, committed 262144K, used 162429K [0x00000000e0000000, 0x0000000100000000)
  region size 1024K, 127 young (130048K), 4 survivors (4096K)
 Metaspace       used 35058K, committed 36096K, reserved 393216K
  class space    used 3872K, committed 4352K, reserved 327680K
}
Event: 31.606 GC heap after
{Heap after GC invocations=5 (full 0):
 garbage-first heap   total reserved 524288K, committed 262144K, used 49237K [0x00000000e0000000, 0x0000000100000000)
  region size 1024K, 15 young (15360K), 15 survivors (15360K)
 Metaspace       used 35058K, committed 36096K, reserved 393216K
  class space    used 3872K, committed 4352K, reserved 327680K
}
Event: 32.079 GC heap before
{Heap before GC invocations=5 (full 0):
 garbage-first heap   total reserved 524288K, committed 262144K, used 51285K [0x00000000e0000000, 0x0000000100000000)
  region size 1024K, 19 young (19456K), 15 survivors (15360K)
 Metaspace       used 35362K, committed 36416K, reserved 393216K
  class space    used 3912K, committed 4416K, reserved 327680K
}
Event: 32.108 GC heap after
{Heap after GC invocations=6 (full 0):
 garbage-first heap   total reserved 524288K, committed 262144K, used 50008K [0x00000000e0000000, 0x0000000100000000)
  region size 1024K, 2 young (2048K), 2 survivors (2048K)
 Metaspace       used 35362K, committed 36416K, reserved 393216K
  class space    used 3912K, committed 4416K, reserved 327680K
}
Event: 32.313 GC heap before
{Heap before GC invocations=6 (full 0):
 garbage-first heap   total reserved 524288K, committed 262144K, used 57176K [0x00000000e0000000, 0x0000000100000000)
  region size 1024K, 6 young (6144K), 2 survivors (2048K)
 Metaspace       used 35707K, committed 36736K, reserved 393216K
  class space    used 3935K, committed 4416K, reserved 327680K
}
Event: 32.316 GC heap after
{Heap after GC invocations=7 (full 0):
 garbage-first heap   total reserved 524288K, committed 262144K, used 50429K [0x00000000e0000000, 0x0000000100000000)
  region size 1024K, 1 young (1024K), 1 survivors (1024K)
 Metaspace       used 35707K, committed 36736K, reserved 393216K
  class space    used 3935K, committed 4416K, reserved 327680K
}
Event: 44.915 GC heap before
{Heap before GC invocations=8 (full 0):
 garbage-first heap   total reserved 524288K, committed 262144K, used 240893K [0x00000000e0000000, 0x0000000100000000)
  region size 1024K, 136 young (139264K), 1 survivors (1024K)
 Metaspace       used 53288K, committed 54976K, reserved 393216K
  class space    used 5381K, committed 6144K, reserved 327680K
}
Event: 44.945 GC heap after
{Heap after GC invocations=9 (full 0):
 garbage-first heap   total reserved 524288K, committed 262144K, used 78021K [0x00000000e0000000, 0x0000000100000000)
  region size 1024K, 14 young (14336K), 14 survivors (14336K)
 Metaspace       used 53288K, committed 54976K, reserved 393216K
  class space    used 5381K, committed 6144K, reserved 327680K
}
Event: 48.285 GC heap before
{Heap before GC invocations=9 (full 0):
 garbage-first heap   total reserved 524288K, committed 262144K, used 143557K [0x00000000e0000000, 0x0000000100000000)
  region size 1024K, 80 young (81920K), 14 survivors (14336K)
 Metaspace       used 60752K, committed 62528K, reserved 393216K
  class space    used 6276K, committed 7104K, reserved 327680K
}
Event: 48.342 GC heap after
{Heap after GC invocations=10 (full 0):
 garbage-first heap   total reserved 524288K, committed 262144K, used 82389K [0x00000000e0000000, 0x0000000100000000)
  region size 1024K, 6 young (6144K), 6 survivors (6144K)
 Metaspace       used 60752K, committed 62528K, reserved 393216K
  class space    used 6276K, committed 7104K, reserved 327680K
}
Event: 48.437 GC heap before
{Heap before GC invocations=10 (full 0):
 garbage-first heap   total reserved 524288K, committed 262144K, used 82389K [0x00000000e0000000, 0x0000000100000000)
  region size 1024K, 7 young (7168K), 6 survivors (6144K)
 Metaspace       used 60962K, committed 62848K, reserved 393216K
  class space    used 6288K, committed 7104K, reserved 327680K
}
Event: 48.447 GC heap after
{Heap after GC invocations=11 (full 0):
 garbage-first heap   total reserved 524288K, committed 262144K, used 82032K [0x00000000e0000000, 0x0000000100000000)
  region size 1024K, 5 young (5120K), 5 survivors (5120K)
 Metaspace       used 60962K, committed 62848K, reserved 393216K
  class space    used 6288K, committed 7104K, reserved 327680K
}

Dll operation events (15 events):
Event: 0.028 Loaded shared library C:\Users\DELL 5458\.jdks\openjdk-24.0.1\bin\java.dll
Event: 0.155 Loaded shared library C:\Users\DELL 5458\.jdks\openjdk-24.0.1\bin\jsvml.dll
Event: 0.331 Loaded shared library C:\Users\DELL 5458\.jdks\openjdk-24.0.1\bin\zip.dll
Event: 0.340 Loaded shared library C:\Users\DELL 5458\.jdks\openjdk-24.0.1\bin\instrument.dll
Event: 0.349 Loaded shared library C:\Users\DELL 5458\.jdks\openjdk-24.0.1\bin\net.dll
Event: 0.357 Loaded shared library C:\Users\DELL 5458\.jdks\openjdk-24.0.1\bin\nio.dll
Event: 0.365 Loaded shared library C:\Users\DELL 5458\.jdks\openjdk-24.0.1\bin\zip.dll
Event: 1.859 Loaded shared library C:\Users\DELL 5458\.jdks\openjdk-24.0.1\bin\jimage.dll
Event: 3.380 Loaded shared library C:\Users\DELL 5458\.jdks\openjdk-24.0.1\bin\verify.dll
Event: 4.822 Loaded shared library C:\Users\DELL 5458\.gradle\native\1def1411415f61bf3af743bc5b6707747c0891f09f0c88961ee8f79bc544acac\windows-amd64\native-platform.dll
Event: 5.012 Loaded shared library C:\Users\DELL 5458\.gradle\native\0.2.7\x86_64-windows-gnu\gradle-fileevents.dll
Event: 12.282 Loaded shared library C:\Users\DELL 5458\.jdks\openjdk-24.0.1\bin\management.dll
Event: 12.297 Loaded shared library C:\Users\DELL 5458\.jdks\openjdk-24.0.1\bin\management_ext.dll
Event: 13.273 Loaded shared library C:\Users\DELL 5458\.jdks\openjdk-24.0.1\bin\extnet.dll
Event: 14.792 Loaded shared library C:\Users\DELL 5458\.jdks\openjdk-24.0.1\bin\sunmscapi.dll

Deoptimization events (20 events):
Event: 62.939 Thread 0x000001ecbe536d50 DEOPT PACKING pc=0x000001ec9278f576 sp=0x000000c7a29fb2e0
Event: 62.940 Thread 0x000001ecbe536d50 DEOPT UNPACKING pc=0x000001ec997e5722 sp=0x000000c7a29fa7e0 mode 0
Event: 63.172 Thread 0x000001ecbe536d50 DEOPT PACKING pc=0x000001ec92a1a3b2 sp=0x000000c7a29fa7b0
Event: 63.172 Thread 0x000001ecbe536d50 DEOPT UNPACKING pc=0x000001ec997e5722 sp=0x000000c7a29f9cc0 mode 0
Event: 63.180 Thread 0x000001ecbf4c2700 Uncommon trap: trap_request=0xffffff4d fr.pc=0x000001ec99ec1438 relative=0x0000000000000118
Event: 63.180 Thread 0x000001ecbf4c2700 Uncommon trap: reason=unstable_if action=reinterpret pc=0x000001ec99ec1438 method=java.lang.ThreadLocal.get(Ljava/lang/Thread;)Ljava/lang/Object; @ 7 c2
Event: 63.180 Thread 0x000001ecbf4c2700 DEOPT PACKING pc=0x000001ec99ec1438 sp=0x000000c7a0cfef20
Event: 63.180 Thread 0x000001ecbf4c2700 DEOPT UNPACKING pc=0x000001ec998a5402 sp=0x000000c7a0cfee50 mode 2
Event: 63.344 Thread 0x000001ecbf4c2700 Uncommon trap: trap_request=0xffffff4d fr.pc=0x000001ec9a006e54 relative=0x0000000000000054
Event: 63.344 Thread 0x000001ecbf4c2700 Uncommon trap: reason=unstable_if action=reinterpret pc=0x000001ec9a006e54 method=java.lang.Thread.getAndClearInterrupt()Z @ 6 c2
Event: 63.344 Thread 0x000001ecbf4c2700 DEOPT PACKING pc=0x000001ec9a006e54 sp=0x000000c7a0cff110
Event: 63.344 Thread 0x000001ecbe536d50 Uncommon trap: trap_request=0xffffff4d fr.pc=0x000001ec9a018480 relative=0x0000000000000080
Event: 63.344 Thread 0x000001ecbe536d50 Uncommon trap: reason=unstable_if action=reinterpret pc=0x000001ec9a018480 method=java.util.concurrent.TimeUnit.toNanos(J)J @ 22 c2
Event: 63.344 Thread 0x000001ecbe536d50 DEOPT PACKING pc=0x000001ec9a018480 sp=0x000000c7a29fc340
Event: 63.344 Thread 0x000001ecbf4c2700 DEOPT UNPACKING pc=0x000001ec998a5402 sp=0x000000c7a0cff048 mode 2
Event: 63.344 Thread 0x000001ecbe536d50 DEOPT UNPACKING pc=0x000001ec998a5402 sp=0x000000c7a29fc2b0 mode 2
Event: 63.505 Thread 0x000001ecbe535eb0 Uncommon trap: trap_request=0xffffff4d fr.pc=0x000001ec99fa58bc relative=0x000000000000011c
Event: 63.505 Thread 0x000001ecbe535eb0 Uncommon trap: reason=unstable_if action=reinterpret pc=0x000001ec99fa58bc method=java.lang.ThreadLocal.get(Ljava/lang/Thread;)Ljava/lang/Object; @ 7 c2
Event: 63.513 Thread 0x000001ecbe535eb0 DEOPT PACKING pc=0x000001ec99fa58bc sp=0x000000c7a2cfebf0
Event: 63.513 Thread 0x000001ecbe535eb0 DEOPT UNPACKING pc=0x000001ec998a5402 sp=0x000000c7a2cfeb88 mode 2

Classes loaded (20 events):
Event: 57.594 Loading class sun/management/RuntimeImpl
Event: 57.594 Loading class sun/management/RuntimeImpl done
Event: 57.677 Loading class java/io/NotSerializableException
Event: 57.678 Loading class java/io/NotSerializableException done
Event: 63.186 Loading class java/util/TreeMap$AscendingSubMap
Event: 63.193 Loading class java/util/TreeMap$NavigableSubMap
Event: 63.201 Loading class java/util/TreeMap$NavigableSubMap done
Event: 63.201 Loading class java/util/TreeMap$AscendingSubMap done
Event: 63.204 Loading class java/util/TreeMap$NavigableSubMap$SubMapKeyIterator
Event: 63.204 Loading class java/util/TreeMap$NavigableSubMap$SubMapIterator
Event: 63.205 Loading class java/util/TreeMap$NavigableSubMap$SubMapIterator done
Event: 63.205 Loading class java/util/TreeMap$NavigableSubMap$SubMapKeyIterator done
Event: 63.273 Loading class java/io/ObjectOutputStream$BlockDataOutputStream
Event: 63.274 Loading class java/io/ObjectOutputStream$BlockDataOutputStream done
Event: 63.274 Loading class java/io/ObjectOutputStream$HandleTable
Event: 63.275 Loading class java/io/ObjectOutputStream$HandleTable done
Event: 63.275 Loading class java/io/ObjectOutputStream$ReplaceTable
Event: 63.275 Loading class java/io/ObjectOutputStream$ReplaceTable done
Event: 63.320 Loading class java/io/CharArrayWriter
Event: 63.321 Loading class java/io/CharArrayWriter done

Classes unloaded (0 events):
No events

Classes redefined (0 events):
No events

Internal exceptions (20 events):
Event: 57.460 Thread 0x000001ecbe536d50 Exception <a 'java/lang/ClassNotFoundException'{0x00000000e91dc9c0}: org/gradle/api/internal/DefaultNamedDomainObjectListCustomizer> (0x00000000e91dc9c0) 
thrown [s\open\src\hotspot\share\classfile\systemDictionary.cpp, line 327]
Event: 57.464 Thread 0x000001ecbe536d50 Exception <a 'java/lang/ClassNotFoundException'{0x00000000e90252a0}: org/gradle/api/internal/artifacts/DefaultArtifactRepositoryContainerCustomizer> (0x00000000e90252a0) 
thrown [s\open\src\hotspot\share\classfile\systemDictionary.cpp, line 327]
Event: 57.472 Thread 0x000001ecbe536d50 Exception <a 'java/lang/ClassNotFoundException'{0x00000000e9067de0}: org/gradle/api/internal/artifacts/dsl/DefaultRepositoryHandlerCustomizer> (0x00000000e9067de0) 
thrown [s\open\src\hotspot\share\classfile\systemDictionary.cpp, line 327]
Event: 57.481 Thread 0x000001ecbe536d50 Exception <a 'java/lang/ClassNotFoundException'{0x00000000e90b8d70}: org/gradle/api/internal/artifacts/dsl/DefaultRepositoryHandler_DecoratedCustomizer> (0x00000000e90b8d70) 
thrown [s\open\src\hotspot\share\classfile\systemDictionary.cpp, line 327]
Event: 57.519 Thread 0x000001ecbe536d50 Exception <a 'java/lang/ClassNotFoundException'{0x00000000e8c6d4f0}: org/gradle/api/internal/tasks/DefaultTaskContainer_DecoratedBeanInfo> (0x00000000e8c6d4f0) 
thrown [s\open\src\hotspot\share\classfile\systemDictionary.cpp, line 327]
Event: 57.522 Thread 0x000001ecbe536d50 Exception <a 'java/lang/ClassNotFoundException'{0x00000000e8c7e3a8}: org/gradle/api/internal/tasks/DefaultTaskContainerBeanInfo> (0x00000000e8c7e3a8) 
thrown [s\open\src\hotspot\share\classfile\systemDictionary.cpp, line 327]
Event: 57.524 Thread 0x000001ecbe536d50 Exception <a 'java/lang/ClassNotFoundException'{0x00000000e8c8f7b8}: org/gradle/api/internal/tasks/DefaultTaskCollectionBeanInfo> (0x00000000e8c8f7b8) 
thrown [s\open\src\hotspot\share\classfile\systemDictionary.cpp, line 327]
Event: 57.525 Thread 0x000001ecbe536d50 Exception <a 'java/lang/ClassNotFoundException'{0x00000000e8ca0910}: org/gradle/api/internal/tasks/DefaultTaskCollectionCustomizer> (0x00000000e8ca0910) 
thrown [s\open\src\hotspot\share\classfile\systemDictionary.cpp, line 327]
Event: 57.533 Thread 0x000001ecbe536d50 Exception <a 'java/lang/ClassNotFoundException'{0x00000000e8b03488}: org/gradle/api/internal/tasks/DefaultTaskContainerCustomizer> (0x00000000e8b03488) 
thrown [s\open\src\hotspot\share\classfile\systemDictionary.cpp, line 327]
Event: 57.542 Thread 0x000001ecbe536d50 Exception <a 'java/lang/ClassNotFoundException'{0x00000000e8b8e810}: org/gradle/api/internal/tasks/DefaultTaskContainer_DecoratedCustomizer> (0x00000000e8b8e810) 
thrown [s\open\src\hotspot\share\classfile\systemDictionary.cpp, line 327]
Event: 57.562 Thread 0x000001ecbe536d50 Exception <a 'java/lang/NoSuchMethodError'{0x00000000e8a15c58}: 'void java.lang.invoke.DirectMethodHandle$Holder.invokeInterface(java.lang.Object, java.lang.Object, java.lang.Object, java.lang.Object)'> (0x00000000e8a15c58) 
thrown [s\open\src\hotspot\share\interpreter\linkResolver.cpp, line 805]
Event: 63.180 Thread 0x000001ecbf4c2700 Implicit null exception at 0x000001ec99ec135b to 0x000001ec99ec1420
Event: 63.206 Thread 0x000001ecbe536d50 Exception <a 'java/lang/NoSuchMethodError'{0x00000000e8058f08}: 'void java.lang.invoke.DirectMethodHandle$Holder.invokeSpecial(java.lang.Object, java.lang.Object, java.lang.Object, java.lang.Object, java.lang.Object, java.lang.Object, java.lang.Object, java.lang.Object, java.lang.Object)'> (0x00000000e8058f08) 
thrown [s\open\src\hotspot\share\interpreter\linkResolver.cpp, line 805]
Event: 63.209 Thread 0x000001ecbe536d50 Exception <a 'java/lang/NoSuchMethodError'{0x00000000e80746a8}: 'void java.lang.invoke.DirectMethodHandle$Holder.invokeStatic(java.lang.Object, java.lang.Object, java.lang.Object, java.lang.Object, java.lang.Object, java.lang.Object, java.lang.Object)'> (0x00000000e80746a8) 
thrown [s\open\src\hotspot\share\interpreter\linkResolver.cpp, line 805]
Event: 63.505 Thread 0x000001ecbe535eb0 Exception <a 'java/lang/NoSuchMethodError'{0x00000000fff8b828}: static Lorg/gradle/tooling/internal/provider/serialization/StreamedValue;.<clinit>()V> (0x00000000fff8b828) 
thrown [s\open\src\hotspot\share\prims\jni.cpp, line 1108]
Event: 63.505 Thread 0x000001ecbe535eb0 Implicit null exception at 0x000001ec99fa57d7 to 0x000001ec99fa58a4
Event: 63.521 Thread 0x000001ecbe535eb0 Exception <a 'java/lang/NoSuchMethodError'{0x00000000e7d03548}: static Lorg/gradle/tooling/internal/provider/serialization/SerializedPayload;.<clinit>()V> (0x00000000e7d03548) 
thrown [s\open\src\hotspot\share\prims\jni.cpp, line 1108]
Event: 63.527 Thread 0x000001ecbe535eb0 Exception <a 'java/lang/NoSuchMethodError'{0x00000000e7d16098}: static [Ljava/lang/Object;.<clinit>()V> (0x00000000e7d16098) 
thrown [s\open\src\hotspot\share\prims\jni.cpp, line 1108]
Event: 63.529 Thread 0x000001ecbe535eb0 Exception <a 'java/lang/NoSuchMethodError'{0x00000000e7d17900}: static [B.<clinit>()V> (0x00000000e7d17900) 
thrown [s\open\src\hotspot\share\prims\jni.cpp, line 1108]
Event: 63.531 Thread 0x000001ecbe535eb0 Exception <a 'java/lang/NoSuchMethodError'{0x00000000e7d1c950}: static Lorg/gradle/tooling/internal/provider/PhasedBuildActionResult;.<clinit>()V> (0x00000000e7d1c950) 
thrown [s\open\src\hotspot\share\prims\jni.cpp, line 1108]

VM Operations (20 events):
Event: 48.351 Executing VM operation: HandshakeAllThreads (Deoptimize)
Event: 48.351 Executing VM operation: HandshakeAllThreads (Deoptimize) done
Event: 48.437 Executing VM operation: CollectForMetadataAllocation (Metadata GC Threshold)
Event: 48.447 Executing VM operation: CollectForMetadataAllocation (Metadata GC Threshold) done
Event: 48.502 Executing VM operation: HandshakeAllThreads (Deoptimize)
Event: 48.502 Executing VM operation: HandshakeAllThreads (Deoptimize) done
Event: 48.707 Executing VM operation: G1PauseRemark
Event: 48.719 Executing VM operation: G1PauseRemark done
Event: 48.780 Executing VM operation: G1PauseCleanup
Event: 48.780 Executing VM operation: G1PauseCleanup done
Event: 50.069 Executing VM operation: HandshakeAllThreads (Deoptimize)
Event: 50.071 Executing VM operation: HandshakeAllThreads (Deoptimize) done
Event: 50.108 Executing VM operation: HandshakeAllThreads (Deoptimize)
Event: 50.109 Executing VM operation: HandshakeAllThreads (Deoptimize) done
Event: 54.908 Executing VM operation: HandshakeAllThreads (Deoptimize)
Event: 54.909 Executing VM operation: HandshakeAllThreads (Deoptimize) done
Event: 60.093 Executing VM operation: HandshakeAllThreads (HandshakeForDeflation)
Event: 60.109 Executing VM operation: HandshakeAllThreads (HandshakeForDeflation) done
Event: 60.110 Executing VM operation: RendezvousGCThreads
Event: 60.110 Executing VM operation: RendezvousGCThreads done

Memory protections (0 events):
No events

Nmethod flushes (20 events):
Event: 48.718 Thread 0x000001eca42525d0 flushing  nmethod 0x000001ec926ee008
Event: 48.718 Thread 0x000001eca42525d0 flushing  nmethod 0x000001ec92718988
Event: 48.718 Thread 0x000001eca42525d0 flushing  nmethod 0x000001ec92822d88
Event: 48.718 Thread 0x000001eca42525d0 flushing  nmethod 0x000001ec92824f08
Event: 48.718 Thread 0x000001eca42525d0 flushing  nmethod 0x000001ec92829f08
Event: 48.718 Thread 0x000001eca42525d0 flushing  nmethod 0x000001ec92876288
Event: 48.718 Thread 0x000001eca42525d0 flushing  nmethod 0x000001ec92877688
Event: 48.718 Thread 0x000001eca42525d0 flushing  nmethod 0x000001ec928cb588
Event: 48.718 Thread 0x000001eca42525d0 flushing  nmethod 0x000001ec928cc188
Event: 48.718 Thread 0x000001eca42525d0 flushing  nmethod 0x000001ec928ec088
Event: 48.718 Thread 0x000001eca42525d0 flushing  nmethod 0x000001ec928f2108
Event: 48.718 Thread 0x000001eca42525d0 flushing  nmethod 0x000001ec92916788
Event: 48.718 Thread 0x000001eca42525d0 flushing  nmethod 0x000001ec92945688
Event: 48.718 Thread 0x000001eca42525d0 flushing  nmethod 0x000001ec92961a08
Event: 48.718 Thread 0x000001eca42525d0 flushing  nmethod 0x000001ec92995308
Event: 48.718 Thread 0x000001eca42525d0 flushing  nmethod 0x000001ec92995c08
Event: 48.718 Thread 0x000001eca42525d0 flushing  nmethod 0x000001ec92996288
Event: 48.718 Thread 0x000001eca42525d0 flushing  nmethod 0x000001ec929e5788
Event: 48.718 Thread 0x000001eca42525d0 flushing  nmethod 0x000001ec92a3d008
Event: 48.718 Thread 0x000001eca42525d0 flushing  nmethod 0x000001ec92a3d608

Events (20 events):
Event: 34.672 Thread 0x000001ecbe536d50 Thread added: 0x000001ecbf699150
Event: 35.026 Thread 0x000001ecbe536d50 Thread added: 0x000001ecbf6998a0
Event: 37.483 Thread 0x000001ecbe536d50 Thread added: 0x000001ecbf696570
Event: 37.486 Thread 0x000001ecbe536d50 Thread added: 0x000001ecbf699ff0
Event: 37.487 Thread 0x000001ecbe536d50 Thread added: 0x000001ecbf696cc0
Event: 37.659 Thread 0x000001ecbe536d50 Thread added: 0x000001ecc09883b0
Event: 37.660 Thread 0x000001ecbe536d50 Thread added: 0x000001ecc0987c60
Event: 37.661 Thread 0x000001ecbe536d50 Thread added: 0x000001ecc098a840
Event: 52.793 Thread 0x000001ecbe536d50 Thread added: 0x000001ecc0989250
Event: 52.794 Thread 0x000001ecbe536d50 Thread added: 0x000001ecc09899a0
Event: 52.794 Thread 0x000001ecbe536d50 Thread added: 0x000001ecc098a0f0
Event: 53.162 Thread 0x000001ecbe536d50 Thread added: 0x000001ecc0988b00
Event: 53.176 Thread 0x000001ecbe536d50 Thread added: 0x000001ecc098af90
Event: 53.179 Thread 0x000001ecbe536d50 Thread added: 0x000001ecbf4c1110
Event: 53.479 Thread 0x000001ecbe536d50 Thread added: 0x000001ecbf4bec80
Event: 53.480 Thread 0x000001ecbe536d50 Thread added: 0x000001ecbf4c2e50
Event: 53.480 Thread 0x000001ecbe536d50 Thread added: 0x000001ecbf4be530
Event: 55.275 Thread 0x000001ecbe536d50 Thread added: 0x000001ecbf4bfb20
Event: 63.171 Thread 0x000001ecbe536d50 Thread added: 0x000001ecbf4c2700
Event: 63.393 Thread 0x000001ecbf4c2700 Thread exited: 0x000001ecbf4c2700


Dynamic libraries:
0x00007ff711110000 - 0x00007ff71111e000 	C:\Users\DELL 5458\.jdks\openjdk-24.0.1\bin\java.exe
0x00007ffd12b70000 - 0x00007ffd12d68000 	C:\Windows\SYSTEM32\ntdll.dll
0x00007ffd121a0000 - 0x00007ffd12262000 	C:\Windows\System32\KERNEL32.DLL
0x00007ffd10370000 - 0x00007ffd10666000 	C:\Windows\System32\KERNELBASE.dll
0x00007ffd10aa0000 - 0x00007ffd10ba0000 	C:\Windows\System32\ucrtbase.dll
0x00007ffcf1e60000 - 0x00007ffcf1e76000 	C:\Users\DELL 5458\.jdks\openjdk-24.0.1\bin\jli.dll
0x00007ffd11f00000 - 0x00007ffd1209d000 	C:\Windows\System32\USER32.dll
0x00007ffd10830000 - 0x00007ffd10852000 	C:\Windows\System32\win32u.dll
0x00007ffd11510000 - 0x00007ffd1153b000 	C:\Windows\System32\GDI32.dll
0x00007ffd10670000 - 0x00007ffd10789000 	C:\Windows\System32\gdi32full.dll
0x00007ffcf0820000 - 0x00007ffcf083b000 	C:\Users\DELL 5458\.jdks\openjdk-24.0.1\bin\VCRUNTIME140.dll
0x00007ffd04000000 - 0x00007ffd0429b000 	C:\Windows\WinSxS\amd64_microsoft.windows.common-controls_6595b64144ccf1df_6.0.19041.6280_none_60bc30a171f2f3f3\COMCTL32.dll
0x00007ffd125d0000 - 0x00007ffd1266e000 	C:\Windows\System32\msvcrt.dll
0x00007ffd10790000 - 0x00007ffd1082d000 	C:\Windows\System32\msvcp_win.dll
0x00007ffd120c0000 - 0x00007ffd120ef000 	C:\Windows\System32\IMM32.DLL
0x00007ffcfb0d0000 - 0x00007ffcfb0dc000 	C:\Users\DELL 5458\.jdks\openjdk-24.0.1\bin\vcruntime140_1.dll
0x00007ffcee720000 - 0x00007ffcee7ae000 	C:\Users\DELL 5458\.jdks\openjdk-24.0.1\bin\msvcp140.dll
0x00007ffcb5690000 - 0x00007ffcb6432000 	C:\Users\DELL 5458\.jdks\openjdk-24.0.1\bin\server\jvm.dll
0x00007ffd11e30000 - 0x00007ffd11ee1000 	C:\Windows\System32\ADVAPI32.dll
0x00007ffd11c80000 - 0x00007ffd11d1f000 	C:\Windows\System32\sechost.dll
0x00007ffd11540000 - 0x00007ffd11660000 	C:\Windows\System32\RPCRT4.dll
0x00007ffd10860000 - 0x00007ffd10887000 	C:\Windows\System32\bcrypt.dll
0x00007ffd11440000 - 0x00007ffd114ab000 	C:\Windows\System32\WS2_32.dll
0x00007ffd10070000 - 0x00007ffd100bb000 	C:\Windows\SYSTEM32\POWRPROF.dll
0x00007ffd052d0000 - 0x00007ffd052f7000 	C:\Windows\SYSTEM32\WINMM.dll
0x00007ffd05340000 - 0x00007ffd0534a000 	C:\Windows\SYSTEM32\VERSION.dll
0x00007ffd10050000 - 0x00007ffd10062000 	C:\Windows\SYSTEM32\UMPDC.dll
0x00007ffd0e090000 - 0x00007ffd0e0a2000 	C:\Windows\SYSTEM32\kernel.appcore.dll
0x00007ffcfaff0000 - 0x00007ffcfaffa000 	C:\Users\DELL 5458\.jdks\openjdk-24.0.1\bin\jimage.dll
0x00007ffcfe250000 - 0x00007ffcfe451000 	C:\Windows\SYSTEM32\DBGHELP.DLL
0x00007ffcfc5c0000 - 0x00007ffcfc5f4000 	C:\Windows\SYSTEM32\dbgcore.DLL
0x00007ffd10a10000 - 0x00007ffd10a92000 	C:\Windows\System32\bcryptPrimitives.dll
0x00007ffcfabd0000 - 0x00007ffcfabdf000 	C:\Users\DELL 5458\.jdks\openjdk-24.0.1\bin\instrument.dll
0x00007ffcf0460000 - 0x00007ffcf047e000 	C:\Users\DELL 5458\.jdks\openjdk-24.0.1\bin\java.dll
0x00007ffd124a0000 - 0x00007ffd125cb000 	C:\Windows\System32\ole32.dll
0x00007ffd12670000 - 0x00007ffd129c3000 	C:\Windows\System32\combase.dll
0x00007ffd10cd0000 - 0x00007ffd11440000 	C:\Windows\System32\SHELL32.dll
0x00007ffd0e290000 - 0x00007ffd0ea35000 	C:\Windows\SYSTEM32\windows.storage.dll
0x00007ffd0fb70000 - 0x00007ffd0fb9b000 	C:\Windows\SYSTEM32\Wldp.dll
0x00007ffd10ba0000 - 0x00007ffd10c6d000 	C:\Windows\System32\OLEAUT32.dll
0x00007ffd120f0000 - 0x00007ffd1219d000 	C:\Windows\System32\SHCORE.dll
0x00007ffd10c70000 - 0x00007ffd10ccb000 	C:\Windows\System32\shlwapi.dll
0x00007ffd10140000 - 0x00007ffd10164000 	C:\Windows\SYSTEM32\profapi.dll
0x00007ffceb2a0000 - 0x00007ffceb377000 	C:\Users\DELL 5458\.jdks\openjdk-24.0.1\bin\jsvml.dll
0x00007ffcef5c0000 - 0x00007ffcef5d7000 	C:\Users\DELL 5458\.jdks\openjdk-24.0.1\bin\zip.dll
0x00007ffcf9af0000 - 0x00007ffcf9b00000 	C:\Users\DELL 5458\.jdks\openjdk-24.0.1\bin\net.dll
0x00007ffd0f8d0000 - 0x00007ffd0f93a000 	C:\Windows\system32\mswsock.dll
0x00007ffcee490000 - 0x00007ffcee4a6000 	C:\Users\DELL 5458\.jdks\openjdk-24.0.1\bin\nio.dll
0x00007ffcf7f60000 - 0x00007ffcf7f70000 	C:\Users\DELL 5458\.jdks\openjdk-24.0.1\bin\verify.dll
0x00007ffcef5e0000 - 0x00007ffcef607000 	C:\Users\DELL 5458\.gradle\native\1def1411415f61bf3af743bc5b6707747c0891f09f0c88961ee8f79bc544acac\windows-amd64\native-platform.dll
0x00007ffceddd0000 - 0x00007ffcede48000 	C:\Users\DELL 5458\.gradle\native\0.2.7\x86_64-windows-gnu\gradle-fileevents.dll
0x00007ffcf7ec0000 - 0x00007ffcf7eca000 	C:\Users\DELL 5458\.jdks\openjdk-24.0.1\bin\management.dll
0x00007ffcf3890000 - 0x00007ffcf389b000 	C:\Users\DELL 5458\.jdks\openjdk-24.0.1\bin\management_ext.dll
0x00007ffd12b20000 - 0x00007ffd12b28000 	C:\Windows\System32\PSAPI.DLL
0x00007ffd0f5b0000 - 0x00007ffd0f5eb000 	C:\Windows\SYSTEM32\IPHLPAPI.DLL
0x00007ffd12b10000 - 0x00007ffd12b18000 	C:\Windows\System32\NSI.dll
0x00007ffcef7c0000 - 0x00007ffcef7c9000 	C:\Users\DELL 5458\.jdks\openjdk-24.0.1\bin\extnet.dll
0x00007ffd0fad0000 - 0x00007ffd0fae8000 	C:\Windows\SYSTEM32\CRYPTSP.dll
0x00007ffd0f1f0000 - 0x00007ffd0f228000 	C:\Windows\system32\rsaenh.dll
0x00007ffd10100000 - 0x00007ffd1012e000 	C:\Windows\SYSTEM32\USERENV.dll
0x00007ffd0fac0000 - 0x00007ffd0facc000 	C:\Windows\SYSTEM32\CRYPTBASE.dll
0x00007ffcee710000 - 0x00007ffcee71e000 	C:\Users\DELL 5458\.jdks\openjdk-24.0.1\bin\sunmscapi.dll
0x00007ffd10210000 - 0x00007ffd1036d000 	C:\Windows\System32\CRYPT32.dll
0x00007ffd0fbe0000 - 0x00007ffd0fc07000 	C:\Windows\SYSTEM32\ncrypt.dll
0x00007ffd0fba0000 - 0x00007ffd0fbdb000 	C:\Windows\SYSTEM32\NTASN1.dll
0x00007ffcfc420000 - 0x00007ffcfc427000 	C:\Windows\system32\wshunix.dll
0x00007ffd0f5f0000 - 0x00007ffd0f6ba000 	C:\Windows\SYSTEM32\DNSAPI.dll
0x00007ffd02170000 - 0x00007ffd0217a000 	C:\Windows\System32\rasadhlp.dll
0x00007ffd038d0000 - 0x00007ffd03950000 	C:\Windows\System32\fwpuclnt.dll

JVMTI agents:
C:\Users\DELL 5458\.gradle\wrapper\dists\gradle-8.14.3-bin\cv11ve7ro1n3o1j4so8xd9n66\gradle-8.14.3\lib\agents\gradle-instrumentation-agent-8.14.3.jar path:C:\Users\DELL 5458\.jdks\openjdk-24.0.1\bin\instrument.dll, loaded, initialized, instrumentlib options:none

dbghelp: loaded successfully - version: 4.0.5 - missing functions: none
symbol engine: initialized successfully - sym options: 0x614 - pdb path: .;C:\Users\DELL 5458\.jdks\openjdk-24.0.1\bin;C:\Windows\SYSTEM32;C:\Windows\WinSxS\amd64_microsoft.windows.common-controls_6595b64144ccf1df_6.0.19041.6280_none_60bc30a171f2f3f3;C:\Users\DELL 5458\.jdks\openjdk-24.0.1\bin\server;C:\Users\DELL 5458\.gradle\native\1def1411415f61bf3af743bc5b6707747c0891f09f0c88961ee8f79bc544acac\windows-amd64;C:\Users\DELL 5458\.gradle\native\0.2.7\x86_64-windows-gnu

VM Arguments:
jvm_args: --add-opens=java.base/java.lang=ALL-UNNAMED --add-opens=java.base/java.lang.invoke=ALL-UNNAMED --add-opens=java.base/java.util=ALL-UNNAMED --add-opens=java.prefs/java.util.prefs=ALL-UNNAMED --add-exports=jdk.compiler/com.sun.tools.javac.api=ALL-UNNAMED --add-exports=jdk.compiler/com.sun.tools.javac.util=ALL-UNNAMED --add-opens=java.base/java.util=ALL-UNNAMED --add-opens=java.prefs/java.util.prefs=ALL-UNNAMED --add-opens=java.base/java.nio.charset=ALL-UNNAMED --add-opens=java.base/java.net=ALL-UNNAMED --add-opens=java.base/java.util.concurrent.atomic=ALL-UNNAMED --add-opens=java.xml/javax.xml.namespace=ALL-UNNAMED --enable-native-access=ALL-UNNAMED -XX:MaxMetaspaceSize=384m -XX:+HeapDumpOnOutOfMemoryError -Xms256m -Xmx512m -Dfile.encoding=UTF-8 -Duser.country=BR -Duser.language=pt -Duser.variant -javaagent:C:\Users\DELL 5458\.gradle\wrapper\dists\gradle-8.14.3-bin\cv11ve7ro1n3o1j4so8xd9n66\gradle-8.14.3\lib\agents\gradle-instrumentation-agent-8.14.3.jar 
java_command: org.gradle.launcher.daemon.bootstrap.GradleDaemon 8.14.3
java_class_path (initial): C:\Users\DELL 5458\.gradle\wrapper\dists\gradle-8.14.3-bin\cv11ve7ro1n3o1j4so8xd9n66\gradle-8.14.3\lib\gradle-daemon-main-8.14.3.jar
Launcher Type: SUN_STANDARD

[Global flags]
     intx CICompilerCount                          = 3                                         {product} {ergonomic}
   size_t CompressedClassSpaceSize                 = 335544320                                 {product} {ergonomic}
     uint ConcGCThreads                            = 1                                         {product} {ergonomic}
     uint G1ConcRefinementThreads                  = 4                                         {product} {ergonomic}
   size_t G1HeapRegionSize                         = 1048576                                   {product} {ergonomic}
     bool HeapDumpOnOutOfMemoryError               = true                                   {manageable} {command line}
   size_t InitialHeapSize                          = 268435456                                 {product} {command line}
   size_t MarkStackSize                            = 4194304                                   {product} {ergonomic}
   size_t MarkStackSizeMax                         = 536870912                                 {product} {ergonomic}
   size_t MaxHeapSize                              = 536870912                                 {product} {command line}
   size_t MaxMetaspaceSize                         = 402653184                                 {product} {command line}
   size_t MaxNewSize                               = 321912832                                 {product} {ergonomic}
   size_t MinHeapDeltaBytes                        = 1048576                                   {product} {ergonomic}
   size_t MinHeapSize                              = 268435456                                 {product} {command line}
    uintx NonNMethodCodeHeapSize                   = 5832704                                {pd product} {ergonomic}
    uintx NonProfiledCodeHeapSize                  = 122945536                              {pd product} {ergonomic}
    uintx ProfiledCodeHeapSize                     = 122880000                              {pd product} {ergonomic}
    uintx ReservedCodeCacheSize                    = 251658240                              {pd product} {ergonomic}
     bool SegmentedCodeCache                       = true                                      {product} {ergonomic}
   size_t SoftMaxHeapSize                          = 536870912                              {manageable} {ergonomic}
     bool UseCompressedOops                        = true                           {product lp64_product} {ergonomic}
     bool UseG1GC                                  = true                                      {product} {ergonomic}
     bool UseLargePagesIndividualAllocation        = false                                  {pd product} {ergonomic}

Logging:
Log output configuration:
 #0: stdout all=warning uptime,level,tags foldmultilines=false
 #1: stderr all=off uptime,level,tags foldmultilines=false

Environment Variables:
PATH=C:\Python313\Scripts\;C:\Python313\;C:\Program Files\Common Files\Oracle\Java\javapath;C:\Windows\system32;C:\Windows;C:\Windows\System32\Wbem;C:\Windows\System32\WindowsPowerShell\v1.0\;C:\Windows\System32\OpenSSH\;C:\Program Files\Git\cmd;C:\Program Files\dotnet\;C:\Program Files\nodejs\;C:\ProgramData\chocolatey\bin;C:\Windows\system32\config\systemprofile\AppData\Local\Muse Hub\lib;C:\Program Files\MySQL\MySQL Shell 9.4\bin\;C:\Users\DELL 5458\AppData\Local\Microsoft\WindowsApps;C:\Users\DELL 5458\AppData\Local\Programs\Microsoft VS Code\bin;C:\Users\DELL 5458\AppData\Local\Muse Hub\lib;C:\Program Files\IntelliJ IDEA Community Edition 2024.3.5\bin;;C:\Users\DELL 5458\AppData\Roaming\npm
USERNAME=DELL 5458
OS=Windows_NT
PROCESSOR_IDENTIFIER=Intel64 Family 6 Model 61 Stepping 4, GenuineIntel
TMP=C:\Users\DELL54~1\AppData\Local\Temp
TEMP=C:\Users\DELL54~1\AppData\Local\Temp




Periodic native trim disabled

---------------  S Y S T E M  ---------------

OS:
 Windows 10 , 64 bit Build 19041 (10.0.19041.5915)
OS uptime: 1 days 21:11 hours

CPU: total 4 (initial active 4) (2 cores per cpu, 2 threads per core) family 6 model 61 stepping 4 microcode 0x2d, cx8, cmov, fxsr, ht, mmx, 3dnowpref, sse, sse2, sse3, ssse3, sse4.1, sse4.2, popcnt, lzcnt, tsc, tscinvbit, avx, avx2, aes, erms, clmul, bmi1, bmi2, adx, fma, vzeroupper, clflush, rdtscp, f16c
Processor Information for the first 4 processors :
  Max Mhz: 2001, Current Mhz: 2000, Mhz Limit: 1980

Memory: 4k page, system-wide physical 7598M (243M free)
TotalPageFile size 31150M (AvailPageFile size 0M)
current process WorkingSet (physical memory assigned to process): 377M, peak: 407M
current process commit charge ("private bytes"): 477M, peak: 491M

vm_info: OpenJDK 64-Bit Server VM (24.0.1+9-30) for windows-amd64 JRE (24.0.1+9-30), built on 2025-03-05T07:23:45Z with MS VC++ 17.6 (VS2022)

END.
